Bus line steps = 18; Network edges = 17
Sum of buses added : 37
Sum of bus stations : 10
Passenger 0:
可行路径 ['S6', '5', 'S3', '4', 'S5', '2', 'S4']
Passenger 1:
可行路径 ['S4', '5', 'S5', '4', 'S9']
可行路径 ['S4', '2', 'S7', '3', 'S5', '4', 'S9']
Passenger 2:
可行路径 ['S7', '3', 'S5', '4', 'S9']
可行路径 ['S7', '5', 'S5', '4', 'S9']
Passenger 4:
可行路径 ['S1', '1', 'S2', '2', 'S5', '4', 'S9']
可行路径 ['S1', '1', 'S3', '4', 'S9']
Passenger 3:
可行路径 ['S2', '1', 'S6', '3', 'S10']
可行路径 ['S2', '2', 'S5', '3', 'S10']
Passenger 6:
可行路径 ['S5', '5', 'S6']
可行路径 ['S5', '3', 'S6']
Passenger 5:
可行路径 ['S1', '1', 'S2', '2', 'S4']
可行路径 ['S1', '1', 'S3', '4', 'S5', '2', 'S4']
Passenger 7:
可行路径 ['S2', '2', 'S5', '4', 'S9']
可行路径 ['S2', '1', 'S3', '4', 'S9']
Passenger 8:
可行路径 ['S7', '3', 'S8']
Passenger 9:
可行路径 ['S7', '5', 'S6']
可行路径 ['S7', '3', 'S6']
Passenger 10:
可行路径 ['S1', '1', 'S2', '2', 'S7', '3', 'S8']
Passenger 11:
可行路径 ['S8', '3', 'S6']
可行路径 ['S8', '5', 'S6']
Passenger 12:
可行路径 ['S4', '5', 'S5']
可行路径 ['S4', '2', 'S7', '3', 'S5']
Passenger 13:
可行路径 ['S7', '3', 'S5', '4', 'S9']
可行路径 ['S7', '5', 'S5', '4', 'S9']
Passenger 15:
可行路径 ['S3', '1', 'S6']
可行路径 ['S3', '4', 'S5', '5', 'S6']
可行路径 ['S3', '4', 'S5', '3', 'S6']
Passenger 14:
可行路径 ['S6', '5', 'S3', '4', 'S5', '2', 'S7']
Passenger 16:
可行路径 ['S2', '2', 'S7']
可行路径 ['S2', '1', 'S3', '4', 'S5', '2', 'S7']
Passenger 17:
可行路径 ['S8', '3', 'S5', '5', 'S3']
可行路径 ['S8', '3', 'S6', '5', 'S3']
可行路径 ['S8', '5', 'S3']
Passenger 18:
可行路径 ['S3', '1', 'S6']
可行路径 ['S3', '4', 'S5', '5', 'S6']
可行路径 ['S3', '4', 'S5', '3', 'S6']
Passenger 19:
可行路径 ['S1', '1', 'S2', '2', 'S5', '5', 'S6']
可行路径 ['S1', '1', 'S6']
可行路径 ['S1', '1', 'S2', '2', 'S5', '3', 'S6']
Passenger 20:
可行路径 ['S1', '1', 'S6', '3', 'S10']
可行路径 ['S1', '1', 'S2', '2', 'S5', '3', 'S10']
Passenger 21:
可行路径 ['S8', '3', 'S5']
可行路径 ['S8', '5', 'S5']
Passenger 22:
可行路径 ['S7', '3', 'S8']
Passenger 23:
可行路径 ['S3', '4', 'S9']
Passenger 25:
可行路径 ['S3', '1', 'S6', '3', 'S10']
可行路径 ['S3', '4', 'S5', '3', 'S10']
Passenger 24:
可行路径 ['S8', '3', 'S5', '5', 'S3']
可行路径 ['S8', '3', 'S6', '5', 'S3']
可行路径 ['S8', '5', 'S3']
Passenger 27:
可行路径 ['S8', '3', 'S6']
可行路径 ['S8', '5', 'S6']
Passenger 26:
可行路径 ['S1', '1', 'S2', '2', 'S4']
可行路径 ['S1', '1', 'S3', '4', 'S5', '2', 'S4']
Passenger 28:
可行路径 ['S7', '5', 'S6']
可行路径 ['S7', '3', 'S6']
Passenger 29:
可行路径 ['S1', '1', 'S2', '2', 'S5', '5', 'S6']
可行路径 ['S1', '1', 'S6']
可行路径 ['S1', '1', 'S2', '2', 'S5', '3', 'S6']
Passenger 33:
可行路径 ['S3', '4', 'S5', '2', 'S7', '3', 'S8']
Passenger 38:
可行路径 ['S1', '1', 'S2', '2', 'S7']
可行路径 ['S1', '1', 'S3', '4', 'S5', '2', 'S7']
Passenger 30:
可行路径 ['S4', '5', 'S3']
可行路径 ['S4', '2', 'S7', '3', 'S5', '5', 'S3']
可行路径 ['S4', '2', 'S7', '3', 'S6', '5', 'S3']
Passenger 32:
可行路径 ['S8', '3', 'S6']
可行路径 ['S8', '5', 'S6']
Passenger 31:
可行路径 ['S9', '4', 'S10']
Passenger 47:
可行路径 ['S1', '1', 'S2', '2', 'S5']
可行路径 ['S1', '1', 'S3', '4', 'S5']
Passenger 34:
可行路径 ['S2', '1', 'S6', '3', 'S10']
可行路径 ['S2', '2', 'S5', '3', 'S10']
Passenger 39:
可行路径 ['S7', '3', 'S8']
Passenger 35:
可行路径 ['S2', '2', 'S5', '5', 'S6']
可行路径 ['S2', '1', 'S6']
可行路径 ['S2', '2', 'S5', '3', 'S6']
Passenger 41:
可行路径 ['S2', '2', 'S5', '4', 'S9']
可行路径 ['S2', '1', 'S3', '4', 'S9']
Passenger 42:
可行路径 ['S7', '3', 'S5']
可行路径 ['S7', '5', 'S5']
Passenger 36:
可行路径 ['S3', '4', 'S5', '2', 'S4']
Passenger 37:
可行路径 ['S2', '2', 'S5', '5', 'S6']
可行路径 ['S2', '1', 'S6']
可行路径 ['S2', '2', 'S5', '3', 'S6']
Passenger 45:
可行路径 ['S8', '3', 'S5', '4', 'S10']
可行路径 ['S8', '3', 'S10']
Passenger 55:
可行路径 ['S1', '1', 'S2', '2', 'S5', '5', 'S6']
可行路径 ['S1', '1', 'S6']
可行路径 ['S1', '1', 'S2', '2', 'S5', '3', 'S6']
Passenger 57:
可行路径 ['S8', '5', 'S4']
可行路径 ['S8', '3', 'S5', '2', 'S4']
Passenger 40:
可行路径 ['S4', '2', 'S7', '3', 'S8']
Passenger 52:
可行路径 ['S6', '5', 'S3', '4', 'S9']
Passenger 53:
可行路径 ['S7', '5', 'S6']
可行路径 ['S7', '3', 'S6']
Passenger 54:
可行路径 ['S1', '1', 'S2', '2', 'S5', '4', 'S9']
可行路径 ['S1', '1', 'S3', '4', 'S9']
Passenger 43:
可行路径 ['S1', '1', 'S6', '3', 'S10']
可行路径 ['S1', '1', 'S2', '2', 'S5', '3', 'S10']
Passenger 56:
可行路径 ['S7', '3', 'S8']
Passenger 49:
可行路径 ['S4', '5', 'S5', '4', 'S9']
可行路径 ['S4', '2', 'S7', '3', 'S5', '4', 'S9']
Passenger 48:
可行路径 ['S6', '3', 'S10']
可行路径 ['S6', '5', 'S3', '4', 'S10']
Passenger 71:
可行路径 ['S5', '4', 'S9']
Passenger 60:
可行路径 ['S8', '3', 'S5', '4', 'S10']
可行路径 ['S8', '3', 'S10']
Passenger 72:
可行路径 ['S7', '3', 'S8']
Passenger 51:
可行路径 ['S4', '2', 'S7', '3', 'S8']
Passenger 74:
可行路径 ['S5', '4', 'S10']
可行路径 ['S5', '3', 'S10']
Passenger 59:
可行路径 ['S4', '5', 'S6']
可行路径 ['S4', '2', 'S7', '3', 'S6']
Passenger 46:
可行路径 ['S3', '4', 'S5', '2', 'S7']
Passenger 77:
可行路径 ['S4', '5', 'S3']
可行路径 ['S4', '2', 'S7', '3', 'S5', '5', 'S3']
可行路径 ['S4', '2', 'S7', '3', 'S6', '5', 'S3']
Passenger 50:
可行路径 ['S1', '1', 'S2', '2', 'S7', '3', 'S8']
Passenger 58:
可行路径 ['S1', '1', 'S6', '3', 'S10']
可行路径 ['S1', '1', 'S2', '2', 'S5', '3', 'S10']
Passenger 69:
可行路径 ['S2', '2', 'S5']
可行路径 ['S2', '1', 'S3', '4', 'S5']
Passenger 81:
可行路径 ['S6', '5', 'S3', '4', 'S9']
Passenger 61:
可行路径 ['S6', '5', 'S3', '4', 'S9']
Passenger 62:
可行路径 ['S7', '3', 'S5', '5', 'S3']
可行路径 ['S7', '5', 'S3']
可行路径 ['S7', '3', 'S6', '5', 'S3']
Passenger 68:
可行路径 ['S8', '3', 'S5']
可行路径 ['S8', '5', 'S5']
Passenger 70:
可行路径 ['S2', '1', 'S3']
可行路径 ['S2', '2', 'S5', '5', 'S3']
Passenger 73:
可行路径 ['S4', '2', 'S7']
Passenger 76:
可行路径 ['S8', '3', 'S6']
可行路径 ['S8', '5', 'S6']
Passenger 78:
可行路径 ['S5', '2', 'S7', '3', 'S8']
Passenger 79:
可行路径 ['S1', '1', 'S2', '2', 'S4']
可行路径 ['S1', '1', 'S3', '4', 'S5', '2', 'S4']
Passenger 44:
可行路径 ['S6', '5', 'S3', '4', 'S9']
Passenger 80:
可行路径 ['S5', '4', 'S9']
Passenger 83:
可行路径 ['S1', '1', 'S2']
Passenger 82:
可行路径 ['S4', '5', 'S3']
可行路径 ['S4', '2', 'S7', '3', 'S5', '5', 'S3']
可行路径 ['S4', '2', 'S7', '3', 'S6', '5', 'S3']
Passenger 84:
可行路径 ['S6', '5', 'S3']
Passenger 86:
可行路径 ['S7', '5', 'S6']
可行路径 ['S7', '3', 'S6']
Passenger 85:
可行路径 ['S4', '5', 'S3']
可行路径 ['S4', '2', 'S7', '3', 'S5', '5', 'S3']
可行路径 ['S4', '2', 'S7', '3', 'S6', '5', 'S3']
Passenger 87:
可行路径 ['S1', '1', 'S2', '2', 'S4']
可行路径 ['S1', '1', 'S3', '4', 'S5', '2', 'S4']
Passenger 88:
可行路径 ['S2', '2', 'S5', '4', 'S9']
可行路径 ['S2', '1', 'S3', '4', 'S9']
Passenger 89:
可行路径 ['S5', '5', 'S3']
Passenger 90:
可行路径 ['S5', '2', 'S7']
Passenger 91:
可行路径 ['S7', '3', 'S5', '5', 'S3']
可行路径 ['S7', '5', 'S3']
可行路径 ['S7', '3', 'S6', '5', 'S3']
Passenger 92:
可行路径 ['S4', '5', 'S6']
可行路径 ['S4', '2', 'S7', '3', 'S6']
Passenger 93:
可行路径 ['S6', '5', 'S3', '4', 'S5']
Passenger 94:
可行路径 ['S7', '3', 'S5']
可行路径 ['S7', '5', 'S5']
Passenger 95:
可行路径 ['S1', '1', 'S2', '2', 'S7', '3', 'S8']
Passenger 96:
可行路径 ['S4', '5', 'S6']
可行路径 ['S4', '2', 'S7', '3', 'S6']
Passenger 97:
可行路径 ['S7', '3', 'S5', '4', 'S10']
可行路径 ['S7', '3', 'S10']
Passenger 98:
可行路径 ['S7', '3', 'S5', '4', 'S9']
可行路径 ['S7', '5', 'S5', '4', 'S9']
Passenger 99:
可行路径 ['S6', '5', 'S3', '4', 'S5', '2', 'S4']
Passenger 100:
可行路径 ['S3', '4', 'S9']
Passenger 101:
可行路径 ['S2', '2', 'S5']
可行路径 ['S2', '1', 'S3', '4', 'S5']
Passenger 102:
可行路径 ['S1', '1', 'S2', '2', 'S7']
可行路径 ['S1', '1', 'S3', '4', 'S5', '2', 'S7']
Passenger 103:
可行路径 ['S4', '5', 'S5', '4', 'S9']
可行路径 ['S4', '2', 'S7', '3', 'S5', '4', 'S9']
Passenger 104:
可行路径 ['S2', '2', 'S5', '4', 'S9']
可行路径 ['S2', '1', 'S3', '4', 'S9']
Passenger 105:
可行路径 ['S4', '5', 'S3']
可行路径 ['S4', '2', 'S7', '3', 'S5', '5', 'S3']
可行路径 ['S4', '2', 'S7', '3', 'S6', '5', 'S3']
Passenger 106:
可行路径 ['S5', '4', 'S10']
可行路径 ['S5', '3', 'S10']
Passenger 107:
可行路径 ['S5', '4', 'S10']
可行路径 ['S5', '3', 'S10']
Passenger 108:
可行路径 ['S3', '1', 'S6']
可行路径 ['S3', '4', 'S5', '5', 'S6']
可行路径 ['S3', '4', 'S5', '3', 'S6']
Passenger 109:
可行路径 ['S8', '3', 'S6']
可行路径 ['S8', '5', 'S6']
Passenger 110:
可行路径 ['S7', '3', 'S5']
可行路径 ['S7', '5', 'S5']
Passenger 111:
可行路径 ['S2', '2', 'S5', '4', 'S9']
可行路径 ['S2', '1', 'S3', '4', 'S9']
Passenger 112:
可行路径 ['S1', '1', 'S2', '2', 'S4']
可行路径 ['S1', '1', 'S3', '4', 'S5', '2', 'S4']
Passenger 113:
可行路径 ['S3', '4', 'S5', '2', 'S7', '3', 'S8']
Passenger 114:
可行路径 ['S6', '5', 'S3', '4', 'S5', '2', 'S7']
Passenger 67:
可行路径 ['S6', '3', 'S10']
可行路径 ['S6', '5', 'S3', '4', 'S10']
Passenger 65:
可行路径 ['S5', '5', 'S3']
Passenger 75:
可行路径 ['S6', '5', 'S3', '4', 'S5']
Passenger 115:
可行路径 ['S5', '2', 'S4']
Passenger 64:
可行路径 ['S1', '1', 'S6', '3', 'S10']
可行路径 ['S1', '1', 'S2', '2', 'S5', '3', 'S10']
Passenger 116:
可行路径 ['S2', '2', 'S7']
可行路径 ['S2', '1', 'S3', '4', 'S5', '2', 'S7']
Passenger 117:
可行路径 ['S2', '2', 'S5', '4', 'S9']
可行路径 ['S2', '1', 'S3', '4', 'S9']
Passenger 118:
可行路径 ['S6', '5', 'S3', '4', 'S5']
Passenger 119:
可行路径 ['S4', '2', 'S7', '3', 'S8']
Passenger 120:
可行路径 ['S4', '5', 'S3']
可行路径 ['S4', '2', 'S7', '3', 'S5', '5', 'S3']
可行路径 ['S4', '2', 'S7', '3', 'S6', '5', 'S3']
Passenger 121:
可行路径 ['S6', '5', 'S3', '4', 'S9']
Passenger 63:
可行路径 ['S4', '5', 'S6', '3', 'S10']
可行路径 ['S4', '5', 'S5', '4', 'S10']
可行路径 ['S4', '5', 'S5', '3', 'S10']
Passenger 66:
可行路径 ['S4', '2', 'S7', '3', 'S8']
Passenger 122:
可行路径 ['S7', '3', 'S5', '4', 'S9']
可行路径 ['S7', '5', 'S5', '4', 'S9']
Passenger 123:
可行路径 ['S8', '3', 'S5', '4', 'S10']
可行路径 ['S8', '3', 'S10']
Passenger 124:
可行路径 ['S2', '2', 'S5', '5', 'S6']
可行路径 ['S2', '1', 'S6']
可行路径 ['S2', '2', 'S5', '3', 'S6']
Passenger 125:
可行路径 ['S5', '4', 'S9']
Passenger 126:
可行路径 ['S7', '3', 'S5']
可行路径 ['S7', '5', 'S5']
Passenger 127:
可行路径 ['S4', '2', 'S7', '3', 'S8']
Passenger 128:
可行路径 ['S5', '5', 'S3']
Passenger 129:
可行路径 ['S5', '2', 'S7', '3', 'S8']
Passenger 130:
可行路径 ['S3', '1', 'S6', '3', 'S10']
可行路径 ['S3', '4', 'S5', '3', 'S10']
Passenger 131:
可行路径 ['S8', '5', 'S4']
可行路径 ['S8', '3', 'S5', '2', 'S4']
Passenger 133:
可行路径 ['S1', '1', 'S3']
可行路径 ['S1', '1', 'S2', '2', 'S5', '5', 'S3']
Passenger 132:
可行路径 ['S3', '1', 'S6']
可行路径 ['S3', '4', 'S5', '5', 'S6']
可行路径 ['S3', '4', 'S5', '3', 'S6']
Passenger 134:
可行路径 ['S5', '4', 'S10']
可行路径 ['S5', '3', 'S10']
Passenger 135:
可行路径 ['S1', '1', 'S6', '3', 'S10']
可行路径 ['S1', '1', 'S2', '2', 'S5', '3', 'S10']
Passenger 136:
可行路径 ['S5', '4', 'S9']
Passenger 137:
可行路径 ['S8', '5', 'S7']
可行路径 ['S8', '3', 'S5', '2', 'S7']
Passenger 138:
可行路径 ['S5', '5', 'S3']
Passenger 139:
可行路径 ['S5', '4', 'S9']
Passenger 140:
可行路径 ['S3', '4', 'S5', '2', 'S7']
Passenger 141:
可行路径 ['S3', '1', 'S6']
可行路径 ['S3', '4', 'S5', '5', 'S6']
可行路径 ['S3', '4', 'S5', '3', 'S6']
Passenger 142:
可行路径 ['S6', '5', 'S3', '4', 'S9']
Passenger 143:
可行路径 ['S2', '2', 'S4']
可行路径 ['S2', '1', 'S3', '4', 'S5', '2', 'S4']
Passenger 144:
可行路径 ['S4', '5', 'S5', '4', 'S9']
可行路径 ['S4', '2', 'S7', '3', 'S5', '4', 'S9']
Passenger 145:
可行路径 ['S4', '2', 'S7', '3', 'S8']
Passenger 146:
可行路径 ['S5', '2', 'S7', '3', 'S8']
Passenger 147:
可行路径 ['S1', '1', 'S3']
可行路径 ['S1', '1', 'S2', '2', 'S5', '5', 'S3']
Passenger 148:
可行路径 ['S2', '2', 'S7']
可行路径 ['S2', '1', 'S3', '4', 'S5', '2', 'S7']
Passenger 150:
可行路径 ['S7', '5', 'S4']
可行路径 ['S7', '3', 'S5', '2', 'S4']
Passenger 149:
可行路径 ['S4', '2', 'S7', '3', 'S8']
Passenger 151:
可行路径 ['S4', '5', 'S5']
可行路径 ['S4', '2', 'S7', '3', 'S5']
Passenger 152:
可行路径 ['S7', '5', 'S6']
可行路径 ['S7', '3', 'S6']
Passenger 153:
可行路径 ['S1', '1', 'S2', '2', 'S7']
可行路径 ['S1', '1', 'S3', '4', 'S5', '2', 'S7']
Passenger 154:
可行路径 ['S8', '5', 'S7']
可行路径 ['S8', '3', 'S5', '2', 'S7']
Passenger 155:
可行路径 ['S4', '5', 'S5']
可行路径 ['S4', '2', 'S7', '3', 'S5']
Passenger 156:
可行路径 ['S3', '1', 'S6', '3', 'S10']
可行路径 ['S3', '4', 'S5', '3', 'S10']
Passenger 157:
可行路径 ['S3', '4', 'S5', '2', 'S4']
Passenger 158:
可行路径 ['S4', '5', 'S6', '3', 'S10']
可行路径 ['S4', '5', 'S5', '4', 'S10']
可行路径 ['S4', '5', 'S5', '3', 'S10']
Passenger 159:
可行路径 ['S5', '2', 'S7', '3', 'S8']
Passenger 160:
可行路径 ['S1', '1', 'S2', '2', 'S7', '3', 'S8']
Passenger 161:
可行路径 ['S7', '3', 'S8']
Passenger 162:
可行路径 ['S3', '4', 'S5', '2', 'S7', '3', 'S8']
Passenger 163:
可行路径 ['S8', '3', 'S5']
可行路径 ['S8', '5', 'S5']
Passenger 164:
可行路径 ['S2', '2', 'S7']
可行路径 ['S2', '1', 'S3', '4', 'S5', '2', 'S7']
Passenger 165:
可行路径 ['S5', '5', 'S3']
Passenger 166:
可行路径 ['S4', '5', 'S6']
可行路径 ['S4', '2', 'S7', '3', 'S6']
Passenger 167:
可行路径 ['S5', '2', 'S7']
Passenger 168:
可行路径 ['S3', '4', 'S9']
Passenger 170:
可行路径 ['S5', '2', 'S7']
Passenger 169:
可行路径 ['S1', '1', 'S2', '2', 'S7', '3', 'S8']
Passenger 171:
可行路径 ['S6', '5', 'S3', '4', 'S5', '2', 'S7']
Passenger 172:
可行路径 ['S5', '2', 'S7', '3', 'S8']
Passenger 173:
可行路径 ['S8', '3', 'S5', '4', 'S10']
可行路径 ['S8', '3', 'S10']
Passenger 174:
可行路径 ['S6', '5', 'S3']
Passenger 175:
可行路径 ['S7', '3', 'S5', '4', 'S9']
可行路径 ['S7', '5', 'S5', '4', 'S9']
Passenger 176:
可行路径 ['S6', '5', 'S3', '4', 'S5', '2', 'S7']
Passenger 177:
可行路径 ['S2', '2', 'S4']
可行路径 ['S2', '1', 'S3', '4', 'S5', '2', 'S4']
Passenger 178:
可行路径 ['S4', '5', 'S6', '3', 'S10']
可行路径 ['S4', '5', 'S5', '4', 'S10']
可行路径 ['S4', '5', 'S5', '3', 'S10']
Passenger 179:
可行路径 ['S7', '3', 'S8']
Passenger 180:
可行路径 ['S6', '5', 'S3']
Passenger 181:
可行路径 ['S1', '1', 'S6', '3', 'S10']
可行路径 ['S1', '1', 'S2', '2', 'S5', '3', 'S10']
Passenger 182:
可行路径 ['S7', '3', 'S5', '5', 'S3']
可行路径 ['S7', '5', 'S3']
可行路径 ['S7', '3', 'S6', '5', 'S3']
Passenger 183:
可行路径 ['S8', '3', 'S5']
可行路径 ['S8', '5', 'S5']
Passenger 184:
可行路径 ['S1', '1', 'S3']
可行路径 ['S1', '1', 'S2', '2', 'S5', '5', 'S3']
Passenger 185:
可行路径 ['S1', '1', 'S2', '2', 'S7']
可行路径 ['S1', '1', 'S3', '4', 'S5', '2', 'S7']
Passenger 186:
可行路径 ['S8', '5', 'S4']
可行路径 ['S8', '3', 'S5', '2', 'S4']
Passenger 187:
可行路径 ['S3', '1', 'S6']
可行路径 ['S3', '4', 'S5', '5', 'S6']
可行路径 ['S3', '4', 'S5', '3', 'S6']
Passenger 188:
可行路径 ['S2', '2', 'S4']
可行路径 ['S2', '1', 'S3', '4', 'S5', '2', 'S4']
Passenger 189:
可行路径 ['S8', '3', 'S6']
可行路径 ['S8', '5', 'S6']
Passenger 190:
可行路径 ['S4', '5', 'S3']
可行路径 ['S4', '2', 'S7', '3', 'S5', '5', 'S3']
可行路径 ['S4', '2', 'S7', '3', 'S6', '5', 'S3']
Passenger 191:
可行路径 ['S8', '3', 'S5']
可行路径 ['S8', '5', 'S5']
Passenger 192:
可行路径 ['S3', '4', 'S5', '2', 'S7', '3', 'S8']
Passenger 193:
可行路径 ['S3', '4', 'S5']
Passenger 194:
可行路径 ['S1', '1', 'S2', '2', 'S5', '4', 'S9']
可行路径 ['S1', '1', 'S3', '4', 'S9']
Passenger 195:
可行路径 ['S5', '2', 'S7']
Passenger 196:
可行路径 ['S5', '5', 'S3']
Passenger 197:
可行路径 ['S8', '3', 'S5']
可行路径 ['S8', '5', 'S5']
Passenger 198:
可行路径 ['S2', '2', 'S5', '4', 'S9']
可行路径 ['S2', '1', 'S3', '4', 'S9']
Passenger 199:
可行路径 ['S8', '3', 'S5', '4', 'S10']
可行路径 ['S8', '3', 'S10']
Passenger 200:
可行路径 ['S2', '1', 'S6', '3', 'S10']
可行路径 ['S2', '2', 'S5', '3', 'S10']
Passenger 201:
可行路径 ['S2', '2', 'S5', '4', 'S9']
可行路径 ['S2', '1', 'S3', '4', 'S9']
Passenger 202:
可行路径 ['S4', '5', 'S6', '3', 'S10']
可行路径 ['S4', '5', 'S5', '4', 'S10']
可行路径 ['S4', '5', 'S5', '3', 'S10']
Passenger 203:
可行路径 ['S2', '2', 'S4']
可行路径 ['S2', '1', 'S3', '4', 'S5', '2', 'S4']
Passenger 204:
可行路径 ['S4', '5', 'S5', '4', 'S9']
可行路径 ['S4', '2', 'S7', '3', 'S5', '4', 'S9']
Passenger 205:
可行路径 ['S2', '2', 'S5', '5', 'S6']
可行路径 ['S2', '1', 'S6']
可行路径 ['S2', '2', 'S5', '3', 'S6']
Passenger 206:
可行路径 ['S3', '4', 'S5', '2', 'S7', '3', 'S8']
Passenger 207:
可行路径 ['S6', '3', 'S10']
可行路径 ['S6', '5', 'S3', '4', 'S10']
Passenger 208:
可行路径 ['S3', '4', 'S5', '2', 'S7', '3', 'S8']
Passenger 209:
可行路径 ['S4', '2', 'S7']
Passenger 210:
可行路径 ['S6', '5', 'S3', '4', 'S5', '2', 'S4']
Passenger 211:
可行路径 ['S4', '5', 'S6']
可行路径 ['S4', '2', 'S7', '3', 'S6']
Passenger 212:
可行路径 ['S8', '3', 'S5', '4', 'S10']
可行路径 ['S8', '3', 'S10']
Passenger 213:
可行路径 ['S9', '4', 'S10']
Passenger 214:
可行路径 ['S2', '2', 'S4']
可行路径 ['S2', '1', 'S3', '4', 'S5', '2', 'S4']
Passenger 215:
可行路径 ['S3', '4', 'S5', '2', 'S7']
Passenger 216:
可行路径 ['S5', '2', 'S4']
Passenger 217:
可行路径 ['S5', '2', 'S7', '3', 'S8']
Passenger 218:
可行路径 ['S6', '5', 'S3']
Passenger 219:
可行路径 ['S5', '4', 'S9']
Passenger 220:
可行路径 ['S6', '3', 'S10']
可行路径 ['S6', '5', 'S3', '4', 'S10']
Passenger 221:
可行路径 ['S7', '3', 'S5']
可行路径 ['S7', '5', 'S5']
Passenger 222:
可行路径 ['S1', '1', 'S3']
可行路径 ['S1', '1', 'S2', '2', 'S5', '5', 'S3']
Passenger 223:
可行路径 ['S4', '5', 'S6', '3', 'S10']
可行路径 ['S4', '5', 'S5', '4', 'S10']
可行路径 ['S4', '5', 'S5', '3', 'S10']
Passenger 224:
可行路径 ['S4', '5', 'S5', '4', 'S9']
可行路径 ['S4', '2', 'S7', '3', 'S5', '4', 'S9']
Passenger 225:
可行路径 ['S7', '5', 'S4']
可行路径 ['S7', '3', 'S5', '2', 'S4']
Passenger 226:
可行路径 ['S1', '1', 'S2', '2', 'S7']
可行路径 ['S1', '1', 'S3', '4', 'S5', '2', 'S7']
Passenger 227:
可行路径 ['S1', '1', 'S2', '2', 'S4']
可行路径 ['S1', '1', 'S3', '4', 'S5', '2', 'S4']
Passenger 228:
可行路径 ['S5', '4', 'S10']
可行路径 ['S5', '3', 'S10']
Passenger 229:
可行路径 ['S5', '4', 'S9']
Passenger 230:
可行路径 ['S1', '1', 'S6', '3', 'S10']
可行路径 ['S1', '1', 'S2', '2', 'S5', '3', 'S10']
Passenger 231:
可行路径 ['S8', '3', 'S5', '5', 'S3']
可行路径 ['S8', '3', 'S6', '5', 'S3']
可行路径 ['S8', '5', 'S3']
Passenger 232:
可行路径 ['S5', '2', 'S7']
Passenger 233:
可行路径 ['S7', '3', 'S8']
Passenger 234:
可行路径 ['S6', '5', 'S3', '4', 'S9']
Passenger 235:
可行路径 ['S4', '5', 'S3']
可行路径 ['S4', '2', 'S7', '3', 'S5', '5', 'S3']
可行路径 ['S4', '2', 'S7', '3', 'S6', '5', 'S3']
Passenger 236:
可行路径 ['S1', '1', 'S2', '2', 'S7', '3', 'S8']
Passenger 237:
可行路径 ['S4', '5', 'S6']
可行路径 ['S4', '2', 'S7', '3', 'S6']
Passenger 238:
可行路径 ['S1', '1', 'S2']
Passenger 239:
可行路径 ['S5', '2', 'S4']
Passenger 240:
可行路径 ['S4', '2', 'S7']
Passenger 241:
可行路径 ['S5', '2', 'S4']
Passenger 242:
可行路径 ['S1', '1', 'S2']
Passenger 243:
可行路径 ['S8', '5', 'S4']
可行路径 ['S8', '3', 'S5', '2', 'S4']
Passenger 244:
可行路径 ['S2', '2', 'S4']
可行路径 ['S2', '1', 'S3', '4', 'S5', '2', 'S4']
Passenger 245:
可行路径 ['S4', '2', 'S7']
Passenger 246:
可行路径 ['S1', '1', 'S2', '2', 'S7']
可行路径 ['S1', '1', 'S3', '4', 'S5', '2', 'S7']
Passenger 247:
可行路径 ['S2', '1', 'S3']
可行路径 ['S2', '2', 'S5', '5', 'S3']
Passenger 248:
可行路径 ['S7', '3', 'S5', '4', 'S9']
可行路径 ['S7', '5', 'S5', '4', 'S9']
Passenger 249:
可行路径 ['S1', '1', 'S6', '3', 'S10']
可行路径 ['S1', '1', 'S2', '2', 'S5', '3', 'S10']
Passenger 250:
可行路径 ['S6', '5', 'S3', '4', 'S5', '2', 'S4']
Passenger 251:
可行路径 ['S4', '2', 'S7']
Passenger 252:
可行路径 ['S2', '2', 'S4']
可行路径 ['S2', '1', 'S3', '4', 'S5', '2', 'S4']
Passenger 253:
可行路径 ['S6', '5', 'S3']
Passenger 254:
可行路径 ['S1', '1', 'S6', '3', 'S10']
可行路径 ['S1', '1', 'S2', '2', 'S5', '3', 'S10']
Passenger 255:
可行路径 ['S3', '4', 'S5', '2', 'S4']
Passenger 256:
可行路径 ['S3', '1', 'S6']
可行路径 ['S3', '4', 'S5', '5', 'S6']
可行路径 ['S3', '4', 'S5', '3', 'S6']
Passenger 257:
可行路径 ['S8', '5', 'S7']
可行路径 ['S8', '3', 'S5', '2', 'S7']
Passenger 258:
可行路径 ['S7', '5', 'S6']
可行路径 ['S7', '3', 'S6']
Passenger 259:
可行路径 ['S5', '2', 'S4']
Passenger 260:
可行路径 ['S2', '2', 'S5']
可行路径 ['S2', '1', 'S3', '4', 'S5']
Passenger 261:
可行路径 ['S8', '5', 'S7']
可行路径 ['S8', '3', 'S5', '2', 'S7']
Passenger 262:
可行路径 ['S8', '5', 'S4']
可行路径 ['S8', '3', 'S5', '2', 'S4']
Passenger 263:
可行路径 ['S8', '5', 'S7']
可行路径 ['S8', '3', 'S5', '2', 'S7']
Passenger 264:
可行路径 ['S7', '3', 'S5', '4', 'S10']
可行路径 ['S7', '3', 'S10']
Passenger 265:
可行路径 ['S8', '5', 'S7']
可行路径 ['S8', '3', 'S5', '2', 'S7']
Passenger 266:
可行路径 ['S2', '2', 'S5', '5', 'S6']
可行路径 ['S2', '1', 'S6']
可行路径 ['S2', '2', 'S5', '3', 'S6']
Passenger 267:
可行路径 ['S6', '3', 'S10']
可行路径 ['S6', '5', 'S3', '4', 'S10']
Passenger 268:
可行路径 ['S8', '5', 'S7']
可行路径 ['S8', '3', 'S5', '2', 'S7']
Passenger 269:
可行路径 ['S7', '3', 'S5', '4', 'S9']
可行路径 ['S7', '5', 'S5', '4', 'S9']
Passenger 270:
可行路径 ['S5', '4', 'S9']
Passenger 271:
可行路径 ['S6', '3', 'S10']
可行路径 ['S6', '5', 'S3', '4', 'S10']
Passenger 272:
可行路径 ['S4', '5', 'S5', '4', 'S9']
可行路径 ['S4', '2', 'S7', '3', 'S5', '4', 'S9']
Passenger 273:
可行路径 ['S5', '2', 'S7', '3', 'S8']
Passenger 274:
可行路径 ['S1', '1', 'S2']
Passenger 275:
可行路径 ['S7', '5', 'S6']
可行路径 ['S7', '3', 'S6']
Passenger 276:
可行路径 ['S1', '1', 'S2', '2', 'S7', '3', 'S8']
Passenger 277:
可行路径 ['S8', '5', 'S4']
可行路径 ['S8', '3', 'S5', '2', 'S4']
Passenger 278:
可行路径 ['S1', '1', 'S2', '2', 'S7', '3', 'S8']
Passenger 279:
可行路径 ['S3', '4', 'S5', '2', 'S7', '3', 'S8']
Passenger 280:
可行路径 ['S5', '2', 'S7']
Passenger 281:
可行路径 ['S4', '5', 'S3']
可行路径 ['S4', '2', 'S7', '3', 'S5', '5', 'S3']
可行路径 ['S4', '2', 'S7', '3', 'S6', '5', 'S3']
Passenger 282:
可行路径 ['S6', '5', 'S3', '4', 'S9']
Passenger 283:
可行路径 ['S2', '2', 'S5']
可行路径 ['S2', '1', 'S3', '4', 'S5']
Passenger 284:
可行路径 ['S1', '1', 'S2']
Passenger 285:
可行路径 ['S5', '5', 'S3']
Passenger 286:
可行路径 ['S3', '4', 'S9']
Passenger 287:
可行路径 ['S1', '1', 'S2', '2', 'S5', '5', 'S6']
可行路径 ['S1', '1', 'S6']
可行路径 ['S1', '1', 'S2', '2', 'S5', '3', 'S6']
Passenger 288:
可行路径 ['S2', '2', 'S5']
可行路径 ['S2', '1', 'S3', '4', 'S5']
Passenger 289:
可行路径 ['S3', '1', 'S6', '3', 'S10']
可行路径 ['S3', '4', 'S5', '3', 'S10']
Passenger 290:
可行路径 ['S5', '4', 'S9']
Passenger 291:
可行路径 ['S2', '2', 'S5', '4', 'S9']
可行路径 ['S2', '1', 'S3', '4', 'S9']
Passenger 292:
可行路径 ['S1', '1', 'S2', '2', 'S5']
可行路径 ['S1', '1', 'S3', '4', 'S5']
Passenger 293:
可行路径 ['S5', '2', 'S7', '3', 'S8']
Passenger 294:
可行路径 ['S7', '3', 'S5', '4', 'S10']
可行路径 ['S7', '3', 'S10']
Passenger 295:
可行路径 ['S6', '5', 'S3', '4', 'S9']
Passenger 296:
可行路径 ['S2', '1', 'S3']
可行路径 ['S2', '2', 'S5', '5', 'S3']
Passenger 297:
可行路径 ['S5', '2', 'S4']
Passenger 298:
可行路径 ['S1', '1', 'S2', '2', 'S5']
可行路径 ['S1', '1', 'S3', '4', 'S5']
Passenger 299:
可行路径 ['S2', '1', 'S3']
可行路径 ['S2', '2', 'S5', '5', 'S3']
Passenger 300:
可行路径 ['S2', '2', 'S5', '5', 'S6']
可行路径 ['S2', '1', 'S6']
可行路径 ['S2', '2', 'S5', '3', 'S6']
Passenger 301:
可行路径 ['S1', '1', 'S2', '2', 'S7']
可行路径 ['S1', '1', 'S3', '4', 'S5', '2', 'S7']
Passenger 302:
可行路径 ['S4', '5', 'S6', '3', 'S10']
可行路径 ['S4', '5', 'S5', '4', 'S10']
可行路径 ['S4', '5', 'S5', '3', 'S10']
Passenger 303:
可行路径 ['S8', '3', 'S6']
可行路径 ['S8', '5', 'S6']
Passenger 304:
可行路径 ['S8', '5', 'S4']
可行路径 ['S8', '3', 'S5', '2', 'S4']
Passenger 305:
可行路径 ['S6', '3', 'S10']
可行路径 ['S6', '5', 'S3', '4', 'S10']
Passenger 306:
可行路径 ['S1', '1', 'S2', '2', 'S5']
可行路径 ['S1', '1', 'S3', '4', 'S5']
Passenger 307:
可行路径 ['S6', '3', 'S10']
可行路径 ['S6', '5', 'S3', '4', 'S10']
Passenger 308:
可行路径 ['S1', '1', 'S2', '2', 'S7']
可行路径 ['S1', '1', 'S3', '4', 'S5', '2', 'S7']
Passenger 309:
可行路径 ['S3', '4', 'S5', '2', 'S4']
Passenger 310:
可行路径 ['S5', '2', 'S4']
Passenger 311:
可行路径 ['S3', '1', 'S6', '3', 'S10']
可行路径 ['S3', '4', 'S5', '3', 'S10']
Passenger 312:
可行路径 ['S4', '5', 'S5']
可行路径 ['S4', '2', 'S7', '3', 'S5']
Passenger 313:
可行路径 ['S1', '1', 'S2']
Passenger 314:
可行路径 ['S8', '3', 'S5', '4', 'S9']
可行路径 ['S8', '5', 'S5', '4', 'S9']
Passenger 315:
可行路径 ['S4', '5', 'S3']
可行路径 ['S4', '2', 'S7', '3', 'S5', '5', 'S3']
可行路径 ['S4', '2', 'S7', '3', 'S6', '5', 'S3']
Passenger 316:
可行路径 ['S5', '4', 'S10']
可行路径 ['S5', '3', 'S10']
Passenger 317:
可行路径 ['S3', '4', 'S5', '2', 'S7', '3', 'S8']
Passenger 318:
可行路径 ['S1', '1', 'S2', '2', 'S5', '4', 'S9']
可行路径 ['S1', '1', 'S3', '4', 'S9']
Passenger 319:
可行路径 ['S7', '3', 'S5']
可行路径 ['S7', '5', 'S5']
Passenger 320:
可行路径 ['S4', '5', 'S5']
可行路径 ['S4', '2', 'S7', '3', 'S5']
Passenger 321:
可行路径 ['S5', '5', 'S3']
Passenger 322:
可行路径 ['S4', '5', 'S5', '4', 'S9']
可行路径 ['S4', '2', 'S7', '3', 'S5', '4', 'S9']
Passenger 323:
可行路径 ['S1', '1', 'S2', '2', 'S7']
可行路径 ['S1', '1', 'S3', '4', 'S5', '2', 'S7']
Passenger 324:
可行路径 ['S8', '3', 'S5']
可行路径 ['S8', '5', 'S5']
Passenger 325:
可行路径 ['S2', '2', 'S5', '4', 'S9']
可行路径 ['S2', '1', 'S3', '4', 'S9']
Passenger 326:
可行路径 ['S7', '3', 'S5', '4', 'S9']
可行路径 ['S7', '5', 'S5', '4', 'S9']
Passenger 327:
可行路径 ['S7', '3', 'S5', '5', 'S3']
可行路径 ['S7', '5', 'S3']
可行路径 ['S7', '3', 'S6', '5', 'S3']
Passenger 328:
可行路径 ['S8', '5', 'S4']
可行路径 ['S8', '3', 'S5', '2', 'S4']
Passenger 329:
可行路径 ['S5', '5', 'S3']
Passenger 330:
可行路径 ['S1', '1', 'S2', '2', 'S5']
可行路径 ['S1', '1', 'S3', '4', 'S5']
Passenger 331:
可行路径 ['S1', '1', 'S2', '2', 'S5']
可行路径 ['S1', '1', 'S3', '4', 'S5']
Passenger 332:
可行路径 ['S8', '3', 'S5']
可行路径 ['S8', '5', 'S5']
Passenger 333:
可行路径 ['S1', '1', 'S3']
可行路径 ['S1', '1', 'S2', '2', 'S5', '5', 'S3']
Passenger 334:
可行路径 ['S7', '3', 'S8']
Passenger 335:
可行路径 ['S2', '2', 'S4']
可行路径 ['S2', '1', 'S3', '4', 'S5', '2', 'S4']
Passenger 336:
可行路径 ['S2', '2', 'S4']
可行路径 ['S2', '1', 'S3', '4', 'S5', '2', 'S4']
Passenger 337:
可行路径 ['S5', '2', 'S7']
Passenger 338:
可行路径 ['S5', '2', 'S7', '3', 'S8']
Passenger 339:
可行路径 ['S8', '3', 'S5', '5', 'S3']
可行路径 ['S8', '3', 'S6', '5', 'S3']
可行路径 ['S8', '5', 'S3']
Passenger 340:
可行路径 ['S3', '4', 'S5', '2', 'S7', '3', 'S8']
Passenger 341:
可行路径 ['S3', '4', 'S5', '2', 'S7', '3', 'S8']
Passenger 342:
可行路径 ['S5', '2', 'S7', '3', 'S8']
Passenger 343:
可行路径 ['S4', '2', 'S7']
Passenger 344:
可行路径 ['S7', '5', 'S6']
可行路径 ['S7', '3', 'S6']
Passenger 345:
可行路径 ['S7', '3', 'S5', '4', 'S10']
可行路径 ['S7', '3', 'S10']
Passenger 346:
可行路径 ['S4', '5', 'S6', '3', 'S10']
可行路径 ['S4', '5', 'S5', '4', 'S10']
可行路径 ['S4', '5', 'S5', '3', 'S10']
Passenger 347:
可行路径 ['S8', '3', 'S5', '4', 'S9']
可行路径 ['S8', '5', 'S5', '4', 'S9']
Passenger 348:
可行路径 ['S1', '1', 'S3']
可行路径 ['S1', '1', 'S2', '2', 'S5', '5', 'S3']
Passenger 349:
可行路径 ['S1', '1', 'S2', '2', 'S4']
可行路径 ['S1', '1', 'S3', '4', 'S5', '2', 'S4']
Passenger 350:
可行路径 ['S1', '1', 'S6', '3', 'S10']
可行路径 ['S1', '1', 'S2', '2', 'S5', '3', 'S10']
Passenger 351:
可行路径 ['S6', '5', 'S3', '4', 'S5']
Passenger 352:
可行路径 ['S8', '3', 'S5', '5', 'S3']
可行路径 ['S8', '3', 'S6', '5', 'S3']
可行路径 ['S8', '5', 'S3']
Passenger 353:
可行路径 ['S3', '1', 'S6']
可行路径 ['S3', '4', 'S5', '5', 'S6']
可行路径 ['S3', '4', 'S5', '3', 'S6']
Passenger 354:
可行路径 ['S1', '1', 'S3']
可行路径 ['S1', '1', 'S2', '2', 'S5', '5', 'S3']
Passenger 355:
可行路径 ['S8', '3', 'S5', '4', 'S9']
可行路径 ['S8', '5', 'S5', '4', 'S9']
Passenger 356:
可行路径 ['S5', '4', 'S10']
可行路径 ['S5', '3', 'S10']
Passenger 357:
可行路径 ['S2', '2', 'S5']
可行路径 ['S2', '1', 'S3', '4', 'S5']
Passenger 358:
可行路径 ['S8', '3', 'S5', '4', 'S10']
可行路径 ['S8', '3', 'S10']
Passenger 359:
可行路径 ['S7', '3', 'S5', '5', 'S3']
可行路径 ['S7', '5', 'S3']
可行路径 ['S7', '3', 'S6', '5', 'S3']
Passenger 360:
可行路径 ['S8', '5', 'S7']
可行路径 ['S8', '3', 'S5', '2', 'S7']
Passenger 361:
可行路径 ['S8', '5', 'S4']
可行路径 ['S8', '3', 'S5', '2', 'S4']
Passenger 362:
可行路径 ['S3', '1', 'S6']
可行路径 ['S3', '4', 'S5', '5', 'S6']
可行路径 ['S3', '4', 'S5', '3', 'S6']
Passenger 363:
可行路径 ['S1', '1', 'S2']
Passenger 364:
可行路径 ['S7', '3', 'S8']
Passenger 365:
可行路径 ['S5', '2', 'S4']
Passenger 366:
可行路径 ['S4', '5', 'S5']
可行路径 ['S4', '2', 'S7', '3', 'S5']
Passenger 368:
可行路径 ['S2', '1', 'S6', '3', 'S10']
可行路径 ['S2', '2', 'S5', '3', 'S10']
Passenger 367:
可行路径 ['S5', '2', 'S7', '3', 'S8']
Passenger 369:
可行路径 ['S3', '4', 'S5', '2', 'S4']
Passenger 370:
可行路径 ['S4', '5', 'S5', '4', 'S9']
可行路径 ['S4', '2', 'S7', '3', 'S5', '4', 'S9']
Passenger 372:
可行路径 ['S2', '2', 'S5', '4', 'S9']
可行路径 ['S2', '1', 'S3', '4', 'S9']
Passenger 371:
可行路径 ['S4', '2', 'S7', '3', 'S8']
Passenger 375:
可行路径 ['S7', '3', 'S8']
Passenger 376:
可行路径 ['S6', '5', 'S3', '4', 'S9']
Passenger 377:
可行路径 ['S9', '4', 'S10']
Passenger 378:
可行路径 ['S6', '5', 'S3']
Passenger 379:
可行路径 ['S8', '3', 'S6']
可行路径 ['S8', '5', 'S6']
Passenger 373:
可行路径 ['S7', '5', 'S4']
可行路径 ['S7', '3', 'S5', '2', 'S4']
Passenger 380:
可行路径 ['S3', '1', 'S6', '3', 'S10']
可行路径 ['S3', '4', 'S5', '3', 'S10']
Passenger 381:
可行路径 ['S7', '3', 'S5']
可行路径 ['S7', '5', 'S5']
Passenger 374:
可行路径 ['S5', '2', 'S4']
Passenger 382:
可行路径 ['S1', '1', 'S2']
Passenger 383:
可行路径 ['S1', '1', 'S2', '2', 'S4']
可行路径 ['S1', '1', 'S3', '4', 'S5', '2', 'S4']
Passenger 384:
可行路径 ['S4', '5', 'S6', '3', 'S10']
可行路径 ['S4', '5', 'S5', '4', 'S10']
可行路径 ['S4', '5', 'S5', '3', 'S10']
Passenger 385:
可行路径 ['S1', '1', 'S3']
可行路径 ['S1', '1', 'S2', '2', 'S5', '5', 'S3']
Passenger 386:
可行路径 ['S1', '1', 'S2', '2', 'S5']
可行路径 ['S1', '1', 'S3', '4', 'S5']
Passenger 387:
可行路径 ['S8', '3', 'S5']
可行路径 ['S8', '5', 'S5']
Passenger 388:
可行路径 ['S3', '1', 'S6']
可行路径 ['S3', '4', 'S5', '5', 'S6']
可行路径 ['S3', '4', 'S5', '3', 'S6']
Passenger 389:
可行路径 ['S7', '3', 'S5', '4', 'S10']
可行路径 ['S7', '3', 'S10']
Passenger 390:
可行路径 ['S3', '4', 'S5']
Passenger 391:
可行路径 ['S8', '5', 'S4']
可行路径 ['S8', '3', 'S5', '2', 'S4']
Passenger 392:
可行路径 ['S4', '2', 'S7']
Passenger 393:
可行路径 ['S5', '5', 'S6']
可行路径 ['S5', '3', 'S6']
Passenger 394:
可行路径 ['S2', '2', 'S5']
可行路径 ['S2', '1', 'S3', '4', 'S5']
Passenger 395:
可行路径 ['S7', '3', 'S5', '4', 'S9']
可行路径 ['S7', '5', 'S5', '4', 'S9']
Passenger 396:
可行路径 ['S1', '1', 'S2', '2', 'S4']
可行路径 ['S1', '1', 'S3', '4', 'S5', '2', 'S4']
Passenger 397:
可行路径 ['S5', '4', 'S9']
Passenger 398:
可行路径 ['S7', '3', 'S5', '4', 'S10']
可行路径 ['S7', '3', 'S10']
Passenger 399:
可行路径 ['S1', '1', 'S2', '2', 'S5']
可行路径 ['S1', '1', 'S3', '4', 'S5']
Passenger 400:
可行路径 ['S7', '3', 'S5']
可行路径 ['S7', '5', 'S5']
Passenger 401:
可行路径 ['S3', '4', 'S5', '2', 'S7']
Passenger 402:
可行路径 ['S7', '3', 'S5', '4', 'S9']
可行路径 ['S7', '5', 'S5', '4', 'S9']
Passenger 403:
可行路径 ['S5', '5', 'S6']
可行路径 ['S5', '3', 'S6']
Passenger 404:
可行路径 ['S7', '3', 'S5', '4', 'S10']
可行路径 ['S7', '3', 'S10']
Passenger 405:
可行路径 ['S3', '4', 'S5', '2', 'S7', '3', 'S8']
Passenger 406:
可行路径 ['S3', '1', 'S6']
可行路径 ['S3', '4', 'S5', '5', 'S6']
可行路径 ['S3', '4', 'S5', '3', 'S6']
Passenger 407:
可行路径 ['S7', '5', 'S6']
可行路径 ['S7', '3', 'S6']
Passenger 408:
可行路径 ['S7', '5', 'S4']
可行路径 ['S7', '3', 'S5', '2', 'S4']
Passenger 409:
可行路径 ['S2', '2', 'S5', '4', 'S9']
可行路径 ['S2', '1', 'S3', '4', 'S9']
Passenger 410:
可行路径 ['S7', '3', 'S5', '5', 'S3']
可行路径 ['S7', '5', 'S3']
可行路径 ['S7', '3', 'S6', '5', 'S3']
Passenger 411:
可行路径 ['S2', '1', 'S6', '3', 'S10']
可行路径 ['S2', '2', 'S5', '3', 'S10']
Passenger 412:
可行路径 ['S3', '4', 'S5', '2', 'S7', '3', 'S8']
Passenger 413:
可行路径 ['S8', '5', 'S4']
可行路径 ['S8', '3', 'S5', '2', 'S4']
Passenger 414:
可行路径 ['S7', '5', 'S6']
可行路径 ['S7', '3', 'S6']
Passenger 415:
可行路径 ['S1', '1', 'S3']
可行路径 ['S1', '1', 'S2', '2', 'S5', '5', 'S3']
Passenger 416:
可行路径 ['S1', '1', 'S2', '2', 'S7']
可行路径 ['S1', '1', 'S3', '4', 'S5', '2', 'S7']
Passenger 417:
可行路径 ['S4', '5', 'S3']
可行路径 ['S4', '2', 'S7', '3', 'S5', '5', 'S3']
可行路径 ['S4', '2', 'S7', '3', 'S6', '5', 'S3']
Passenger 418:
可行路径 ['S9', '4', 'S10']
Passenger 419:
可行路径 ['S6', '5', 'S3', '4', 'S5', '2', 'S4']
Passenger 420:
可行路径 ['S1', '1', 'S6', '3', 'S10']
可行路径 ['S1', '1', 'S2', '2', 'S5', '3', 'S10']
Passenger 421:
可行路径 ['S7', '3', 'S5', '5', 'S3']
可行路径 ['S7', '5', 'S3']
可行路径 ['S7', '3', 'S6', '5', 'S3']
Passenger 422:
可行路径 ['S7', '3', 'S8']
Passenger 423:
可行路径 ['S2', '1', 'S6', '3', 'S10']
可行路径 ['S2', '2', 'S5', '3', 'S10']
Passenger 424:
可行路径 ['S6', '5', 'S3', '4', 'S9']
Passenger 425:
可行路径 ['S4', '2', 'S7']
Passenger 426:
可行路径 ['S4', '2', 'S7', '3', 'S8']
Passenger 427:
可行路径 ['S5', '2', 'S7', '3', 'S8']
Passenger 428:
可行路径 ['S8', '3', 'S6']
可行路径 ['S8', '5', 'S6']
Passenger 429:
可行路径 ['S1', '1', 'S2', '2', 'S4']
可行路径 ['S1', '1', 'S3', '4', 'S5', '2', 'S4']
Passenger 430:
可行路径 ['S8', '3', 'S5', '4', 'S9']
可行路径 ['S8', '5', 'S5', '4', 'S9']
Passenger 431:
可行路径 ['S3', '4', 'S5', '2', 'S7', '3', 'S8']
Passenger 432:
可行路径 ['S4', '2', 'S7']
Passenger 433:
可行路径 ['S5', '4', 'S9']
Passenger 434:
可行路径 ['S6', '5', 'S3']
Passenger 435:
可行路径 ['S9', '4', 'S10']
Passenger 436:
可行路径 ['S8', '3', 'S5']
可行路径 ['S8', '5', 'S5']
Passenger 437:
可行路径 ['S5', '4', 'S10']
可行路径 ['S5', '3', 'S10']
Passenger 439:
可行路径 ['S8', '3', 'S5', '5', 'S3']
可行路径 ['S8', '3', 'S6', '5', 'S3']
可行路径 ['S8', '5', 'S3']
Passenger 438:
可行路径 ['S8', '3', 'S5', '4', 'S9']
可行路径 ['S8', '5', 'S5', '4', 'S9']
Passenger 440:
可行路径 ['S4', '5', 'S5', '4', 'S9']
可行路径 ['S4', '2', 'S7', '3', 'S5', '4', 'S9']
Passenger 441:
可行路径 ['S1', '1', 'S3']
可行路径 ['S1', '1', 'S2', '2', 'S5', '5', 'S3']
Passenger 442:
可行路径 ['S6', '3', 'S10']
可行路径 ['S6', '5', 'S3', '4', 'S10']
Passenger 443:
可行路径 ['S5', '2', 'S7']
Passenger 444:
可行路径 ['S7', '3', 'S5', '4', 'S10']
可行路径 ['S7', '3', 'S10']
Passenger 445:
可行路径 ['S8', '5', 'S4']
可行路径 ['S8', '3', 'S5', '2', 'S4']
Passenger 446:
可行路径 ['S2', '1', 'S6', '3', 'S10']
可行路径 ['S2', '2', 'S5', '3', 'S10']
Passenger 447:
可行路径 ['S3', '4', 'S9']
Passenger 448:
可行路径 ['S8', '3', 'S5', '4', 'S10']
可行路径 ['S8', '3', 'S10']
Passenger 449:
可行路径 ['S6', '5', 'S3', '4', 'S5', '2', 'S7']
Passenger 450:
可行路径 ['S3', '4', 'S5', '2', 'S7']
Passenger 451:
可行路径 ['S8', '3', 'S5']
可行路径 ['S8', '5', 'S5']
Passenger 452:
可行路径 ['S2', '2', 'S7']
可行路径 ['S2', '1', 'S3', '4', 'S5', '2', 'S7']
Passenger 453:
可行路径 ['S6', '5', 'S3']
Passenger 454:
可行路径 ['S2', '2', 'S5', '4', 'S9']
可行路径 ['S2', '1', 'S3', '4', 'S9']
Passenger 455:
可行路径 ['S1', '1', 'S2', '2', 'S4']
可行路径 ['S1', '1', 'S3', '4', 'S5', '2', 'S4']
Passenger 456:
可行路径 ['S4', '5', 'S6', '3', 'S10']
可行路径 ['S4', '5', 'S5', '4', 'S10']
可行路径 ['S4', '5', 'S5', '3', 'S10']
Passenger 457:
可行路径 ['S2', '2', 'S5']
可行路径 ['S2', '1', 'S3', '4', 'S5']
Passenger 458:
可行路径 ['S6', '5', 'S3', '4', 'S9']
Passenger 459:
可行路径 ['S4', '5', 'S3']
可行路径 ['S4', '2', 'S7', '3', 'S5', '5', 'S3']
可行路径 ['S4', '2', 'S7', '3', 'S6', '5', 'S3']
Passenger 460:
可行路径 ['S1', '1', 'S2', '2', 'S4']
可行路径 ['S1', '1', 'S3', '4', 'S5', '2', 'S4']
Passenger 461:
可行路径 ['S3', '4', 'S5', '2', 'S4']
Passenger 462:
可行路径 ['S4', '5', 'S5']
可行路径 ['S4', '2', 'S7', '3', 'S5']
Passenger 463:
可行路径 ['S6', '5', 'S3', '4', 'S5', '2', 'S4']
Passenger 464:
可行路径 ['S5', '2', 'S7']
Passenger 465:
可行路径 ['S1', '1', 'S2', '2', 'S7', '3', 'S8']
Passenger 466:
可行路径 ['S5', '2', 'S4']
Passenger 467:
可行路径 ['S1', '1', 'S3']
可行路径 ['S1', '1', 'S2', '2', 'S5', '5', 'S3']
Passenger 468:
可行路径 ['S1', '1', 'S6', '3', 'S10']
可行路径 ['S1', '1', 'S2', '2', 'S5', '3', 'S10']
Passenger 469:
可行路径 ['S4', '5', 'S3']
可行路径 ['S4', '2', 'S7', '3', 'S5', '5', 'S3']
可行路径 ['S4', '2', 'S7', '3', 'S6', '5', 'S3']
Passenger 470:
可行路径 ['S2', '2', 'S4']
可行路径 ['S2', '1', 'S3', '4', 'S5', '2', 'S4']
Passenger 471:
可行路径 ['S5', '2', 'S4']
Passenger 472:
可行路径 ['S7', '3', 'S5', '4', 'S9']
可行路径 ['S7', '5', 'S5', '4', 'S9']
Passenger 473:
可行路径 ['S3', '1', 'S6', '3', 'S10']
可行路径 ['S3', '4', 'S5', '3', 'S10']
Passenger 474:
可行路径 ['S7', '5', 'S6']
可行路径 ['S7', '3', 'S6']
Passenger 475:
可行路径 ['S7', '3', 'S5']
可行路径 ['S7', '5', 'S5']
Passenger 476:
可行路径 ['S6', '5', 'S3', '4', 'S5', '2', 'S7']
Passenger 477:
可行路径 ['S6', '3', 'S10']
可行路径 ['S6', '5', 'S3', '4', 'S10']
Passenger 478:
可行路径 ['S8', '3', 'S5']
可行路径 ['S8', '5', 'S5']
Passenger 479:
可行路径 ['S2', '2', 'S7', '3', 'S8']
Passenger 480:
可行路径 ['S5', '2', 'S4']
Passenger 481:
可行路径 ['S8', '3', 'S6']
可行路径 ['S8', '5', 'S6']
Passenger 482:
可行路径 ['S7', '3', 'S8']
Passenger 483:
可行路径 ['S3', '4', 'S5', '2', 'S7', '3', 'S8']
Passenger 484:
可行路径 ['S9', '4', 'S10']
Passenger 485:
可行路径 ['S1', '1', 'S2', '2', 'S5', '5', 'S6']
可行路径 ['S1', '1', 'S6']
可行路径 ['S1', '1', 'S2', '2', 'S5', '3', 'S6']
Passenger 486:
可行路径 ['S8', '5', 'S4']
可行路径 ['S8', '3', 'S5', '2', 'S4']
Passenger 487:
可行路径 ['S3', '4', 'S5', '2', 'S7']
Passenger 488:
可行路径 ['S4', '2', 'S7', '3', 'S8']
Passenger 489:
可行路径 ['S6', '5', 'S3', '4', 'S5']
Passenger 490:
可行路径 ['S3', '4', 'S5', '2', 'S7']
Passenger 491:
可行路径 ['S5', '4', 'S9']
Passenger 492:
可行路径 ['S8', '3', 'S5']
可行路径 ['S8', '5', 'S5']
Passenger 493:
可行路径 ['S6', '5', 'S3']
Passenger 494:
可行路径 ['S1', '1', 'S2', '2', 'S5', '5', 'S6']
可行路径 ['S1', '1', 'S6']
可行路径 ['S1', '1', 'S2', '2', 'S5', '3', 'S6']
Passenger 495:
可行路径 ['S5', '2', 'S7']
Passenger 496:
可行路径 ['S5', '2', 'S7', '3', 'S8']
Passenger 497:
可行路径 ['S2', '2', 'S5', '5', 'S6']
可行路径 ['S2', '1', 'S6']
可行路径 ['S2', '2', 'S5', '3', 'S6']
Passenger 498:
可行路径 ['S5', '5', 'S3']
Passenger 499:
可行路径 ['S4', '5', 'S5', '4', 'S9']
可行路径 ['S4', '2', 'S7', '3', 'S5', '4', 'S9']
Passenger 500:
可行路径 ['S7', '5', 'S4']
可行路径 ['S7', '3', 'S5', '2', 'S4']
Passenger 501:
可行路径 ['S5', '5', 'S6']
可行路径 ['S5', '3', 'S6']
Passenger 502:
可行路径 ['S5', '2', 'S7']
Passenger 503:
可行路径 ['S7', '3', 'S5', '4', 'S9']
可行路径 ['S7', '5', 'S5', '4', 'S9']
Passenger 504:
可行路径 ['S5', '4', 'S9']
Passenger 505:
可行路径 ['S8', '3', 'S5', '4', 'S10']
可行路径 ['S8', '3', 'S10']
Passenger 506:
可行路径 ['S2', '2', 'S5', '4', 'S9']
可行路径 ['S2', '1', 'S3', '4', 'S9']
Passenger 507:
可行路径 ['S8', '3', 'S5', '4', 'S10']
可行路径 ['S8', '3', 'S10']
Passenger 508:
可行路径 ['S2', '2', 'S4']
可行路径 ['S2', '1', 'S3', '4', 'S5', '2', 'S4']
Passenger 509:
可行路径 ['S4', '5', 'S5']
可行路径 ['S4', '2', 'S7', '3', 'S5']
Passenger 510:
可行路径 ['S1', '1', 'S2', '2', 'S5', '5', 'S6']
可行路径 ['S1', '1', 'S6']
可行路径 ['S1', '1', 'S2', '2', 'S5', '3', 'S6']
Passenger 511:
可行路径 ['S8', '5', 'S7']
可行路径 ['S8', '3', 'S5', '2', 'S7']
Passenger 512:
可行路径 ['S2', '1', 'S6', '3', 'S10']
可行路径 ['S2', '2', 'S5', '3', 'S10']
Passenger 513:
可行路径 ['S7', '5', 'S6']
可行路径 ['S7', '3', 'S6']
Passenger 514:
可行路径 ['S7', '3', 'S5']
可行路径 ['S7', '5', 'S5']
Passenger 515:
可行路径 ['S5', '5', 'S3']
Passenger 516:
可行路径 ['S8', '3', 'S5']
可行路径 ['S8', '5', 'S5']
Passenger 517:
可行路径 ['S1', '1', 'S2']
Passenger 518:
可行路径 ['S8', '5', 'S4']
可行路径 ['S8', '3', 'S5', '2', 'S4']
Passenger 519:
可行路径 ['S8', '3', 'S5', '5', 'S3']
可行路径 ['S8', '3', 'S6', '5', 'S3']
可行路径 ['S8', '5', 'S3']
Passenger 520:
可行路径 ['S8', '5', 'S4']
可行路径 ['S8', '3', 'S5', '2', 'S4']
Passenger 521:
可行路径 ['S1', '1', 'S2', '2', 'S5']
可行路径 ['S1', '1', 'S3', '4', 'S5']
Passenger 522:
可行路径 ['S8', '3', 'S5', '4', 'S10']
可行路径 ['S8', '3', 'S10']
Passenger 523:
可行路径 ['S8', '5', 'S7']
可行路径 ['S8', '3', 'S5', '2', 'S7']
Passenger 524:
可行路径 ['S8', '3', 'S5', '5', 'S3']
可行路径 ['S8', '3', 'S6', '5', 'S3']
可行路径 ['S8', '5', 'S3']
Passenger 525:
可行路径 ['S2', '2', 'S5', '4', 'S9']
可行路径 ['S2', '1', 'S3', '4', 'S9']
Passenger 526:
可行路径 ['S7', '5', 'S4']
可行路径 ['S7', '3', 'S5', '2', 'S4']
Passenger 527:
可行路径 ['S7', '3', 'S5']
可行路径 ['S7', '5', 'S5']
Passenger 528:
可行路径 ['S1', '1', 'S2', '2', 'S4']
可行路径 ['S1', '1', 'S3', '4', 'S5', '2', 'S4']
Passenger 529:
可行路径 ['S8', '5', 'S4']
可行路径 ['S8', '3', 'S5', '2', 'S4']
Passenger 530:
可行路径 ['S4', '2', 'S7']
Passenger 531:
可行路径 ['S5', '2', 'S7']
Passenger 532:
可行路径 ['S3', '4', 'S5']
Passenger 533:
可行路径 ['S5', '4', 'S9']
Passenger 534:
可行路径 ['S1', '1', 'S2', '2', 'S7', '3', 'S8']
Passenger 535:
可行路径 ['S7', '3', 'S5', '5', 'S3']
可行路径 ['S7', '5', 'S3']
可行路径 ['S7', '3', 'S6', '5', 'S3']
Passenger 536:
可行路径 ['S3', '4', 'S5', '2', 'S4']
Passenger 537:
可行路径 ['S8', '3', 'S6']
可行路径 ['S8', '5', 'S6']
Passenger 538:
可行路径 ['S8', '5', 'S7']
可行路径 ['S8', '3', 'S5', '2', 'S7']
Passenger 539:
可行路径 ['S1', '1', 'S2', '2', 'S5', '5', 'S6']
可行路径 ['S1', '1', 'S6']
可行路径 ['S1', '1', 'S2', '2', 'S5', '3', 'S6']
Passenger 540:
可行路径 ['S5', '4', 'S10']
可行路径 ['S5', '3', 'S10']
Passenger 541:
可行路径 ['S7', '3', 'S5', '4', 'S9']
可行路径 ['S7', '5', 'S5', '4', 'S9']
Passenger 542:
可行路径 ['S3', '1', 'S6', '3', 'S10']
可行路径 ['S3', '4', 'S5', '3', 'S10']
Passenger 543:
可行路径 ['S3', '1', 'S6']
可行路径 ['S3', '4', 'S5', '5', 'S6']
可行路径 ['S3', '4', 'S5', '3', 'S6']
Passenger 544:
可行路径 ['S5', '5', 'S6']
可行路径 ['S5', '3', 'S6']
Passenger 545:
可行路径 ['S6', '5', 'S3']
Passenger 546:
可行路径 ['S5', '2', 'S7']
Passenger 547:
可行路径 ['S1', '1', 'S2']
Passenger 548:
可行路径 ['S6', '5', 'S3', '4', 'S5', '2', 'S7']
Passenger 549:
可行路径 ['S1', '1', 'S2', '2', 'S7', '3', 'S8']
Passenger 550:
可行路径 ['S6', '5', 'S3', '4', 'S5']
Passenger 551:
可行路径 ['S6', '5', 'S3']
Passenger 552:
可行路径 ['S4', '5', 'S6']
可行路径 ['S4', '2', 'S7', '3', 'S6']
Passenger 553:
可行路径 ['S3', '4', 'S5', '2', 'S7', '3', 'S8']
Passenger 554:
可行路径 ['S4', '5', 'S6', '3', 'S10']
可行路径 ['S4', '5', 'S5', '4', 'S10']
可行路径 ['S4', '5', 'S5', '3', 'S10']
Passenger 555:
可行路径 ['S1', '1', 'S2', '2', 'S5', '4', 'S9']
可行路径 ['S1', '1', 'S3', '4', 'S9']
Passenger 556:
可行路径 ['S1', '1', 'S2', '2', 'S4']
可行路径 ['S1', '1', 'S3', '4', 'S5', '2', 'S4']
Passenger 557:
可行路径 ['S4', '5', 'S6', '3', 'S10']
可行路径 ['S4', '5', 'S5', '4', 'S10']
可行路径 ['S4', '5', 'S5', '3', 'S10']
Passenger 558:
可行路径 ['S1', '1', 'S6', '3', 'S10']
可行路径 ['S1', '1', 'S2', '2', 'S5', '3', 'S10']
Passenger 559:
可行路径 ['S6', '5', 'S3', '4', 'S5', '2', 'S7']
Passenger 560:
可行路径 ['S8', '5', 'S7']
可行路径 ['S8', '3', 'S5', '2', 'S7']
Passenger 561:
可行路径 ['S6', '5', 'S3', '4', 'S5', '2', 'S7']
Passenger 562:
可行路径 ['S2', '1', 'S3']
可行路径 ['S2', '2', 'S5', '5', 'S3']
Passenger 563:
可行路径 ['S1', '1', 'S2', '2', 'S4']
可行路径 ['S1', '1', 'S3', '4', 'S5', '2', 'S4']
Passenger 564:
可行路径 ['S1', '1', 'S2']
Passenger 565:
可行路径 ['S2', '2', 'S5', '5', 'S6']
可行路径 ['S2', '1', 'S6']
可行路径 ['S2', '2', 'S5', '3', 'S6']
Passenger 566:
可行路径 ['S1', '1', 'S3']
可行路径 ['S1', '1', 'S2', '2', 'S5', '5', 'S3']
Passenger 567:
可行路径 ['S2', '2', 'S4']
可行路径 ['S2', '1', 'S3', '4', 'S5', '2', 'S4']
Passenger 568:
可行路径 ['S7', '3', 'S5']
可行路径 ['S7', '5', 'S5']
Passenger 569:
可行路径 ['S5', '2', 'S4']
Passenger 570:
可行路径 ['S2', '1', 'S3']
可行路径 ['S2', '2', 'S5', '5', 'S3']
Passenger 571:
可行路径 ['S9', '4', 'S10']
Passenger 572:
可行路径 ['S8', '5', 'S7']
可行路径 ['S8', '3', 'S5', '2', 'S7']
Passenger 573:
可行路径 ['S4', '5', 'S6', '3', 'S10']
可行路径 ['S4', '5', 'S5', '4', 'S10']
可行路径 ['S4', '5', 'S5', '3', 'S10']
Passenger 574:
可行路径 ['S6', '5', 'S3', '4', 'S5', '2', 'S7']
Passenger 575:
可行路径 ['S2', '2', 'S5', '4', 'S9']
可行路径 ['S2', '1', 'S3', '4', 'S9']
Passenger 576:
可行路径 ['S2', '2', 'S7', '3', 'S8']
Passenger 577:
可行路径 ['S3', '1', 'S6', '3', 'S10']
可行路径 ['S3', '4', 'S5', '3', 'S10']
Passenger 578:
可行路径 ['S8', '3', 'S5', '4', 'S10']
可行路径 ['S8', '3', 'S10']
Passenger 579:
可行路径 ['S7', '3', 'S5', '4', 'S10']
可行路径 ['S7', '3', 'S10']
Passenger 580:
可行路径 ['S3', '4', 'S5']
Passenger 581:
可行路径 ['S5', '5', 'S6']
可行路径 ['S5', '3', 'S6']
Passenger 582:
可行路径 ['S3', '1', 'S6']
可行路径 ['S3', '4', 'S5', '5', 'S6']
可行路径 ['S3', '4', 'S5', '3', 'S6']
Passenger 583:
可行路径 ['S7', '3', 'S5', '4', 'S9']
可行路径 ['S7', '5', 'S5', '4', 'S9']
Passenger 584:
可行路径 ['S1', '1', 'S2', '2', 'S4']
可行路径 ['S1', '1', 'S3', '4', 'S5', '2', 'S4']
Passenger 585:
可行路径 ['S3', '4', 'S5', '2', 'S4']
Passenger 586:
可行路径 ['S2', '2', 'S5']
可行路径 ['S2', '1', 'S3', '4', 'S5']
Passenger 587:
可行路径 ['S8', '5', 'S7']
可行路径 ['S8', '3', 'S5', '2', 'S7']
Passenger 588:
可行路径 ['S8', '3', 'S5']
可行路径 ['S8', '5', 'S5']
Passenger 589:
可行路径 ['S4', '2', 'S7']
Passenger 590:
可行路径 ['S7', '3', 'S5', '4', 'S10']
可行路径 ['S7', '3', 'S10']
Passenger 591:
可行路径 ['S5', '5', 'S6']
可行路径 ['S5', '3', 'S6']
Passenger 592:
可行路径 ['S3', '1', 'S6', '3', 'S10']
可行路径 ['S3', '4', 'S5', '3', 'S10']
Passenger 593:
可行路径 ['S3', '1', 'S6', '3', 'S10']
可行路径 ['S3', '4', 'S5', '3', 'S10']
Passenger 594:
可行路径 ['S7', '5', 'S6']
可行路径 ['S7', '3', 'S6']
Passenger 595:
可行路径 ['S5', '2', 'S4']
Passenger 596:
可行路径 ['S1', '1', 'S2', '2', 'S7', '3', 'S8']
Passenger 597:
可行路径 ['S3', '1', 'S6', '3', 'S10']
可行路径 ['S3', '4', 'S5', '3', 'S10']
Passenger 598:
可行路径 ['S1', '1', 'S2']
Passenger 599:
可行路径 ['S1', '1', 'S3']
可行路径 ['S1', '1', 'S2', '2', 'S5', '5', 'S3']
Passenger 600:
可行路径 ['S3', '4', 'S9']
Passenger 601:
可行路径 ['S3', '4', 'S5', '2', 'S7']
Passenger 602:
可行路径 ['S3', '4', 'S9']
Passenger 603:
可行路径 ['S1', '1', 'S2', '2', 'S5', '4', 'S9']
可行路径 ['S1', '1', 'S3', '4', 'S9']
Passenger 604:
可行路径 ['S2', '1', 'S3']
可行路径 ['S2', '2', 'S5', '5', 'S3']
Passenger 605:
可行路径 ['S3', '1', 'S6', '3', 'S10']
可行路径 ['S3', '4', 'S5', '3', 'S10']
Passenger 606:
可行路径 ['S2', '2', 'S7']
可行路径 ['S2', '1', 'S3', '4', 'S5', '2', 'S7']
Passenger 607:
可行路径 ['S7', '3', 'S8']
Passenger 608:
可行路径 ['S1', '1', 'S2']
Passenger 609:
可行路径 ['S1', '1', 'S2', '2', 'S7']
可行路径 ['S1', '1', 'S3', '4', 'S5', '2', 'S7']
Passenger 610:
可行路径 ['S2', '1', 'S6', '3', 'S10']
可行路径 ['S2', '2', 'S5', '3', 'S10']
Passenger 611:
可行路径 ['S3', '4', 'S5', '2', 'S7']
Passenger 612:
可行路径 ['S1', '1', 'S2', '2', 'S5', '4', 'S9']
可行路径 ['S1', '1', 'S3', '4', 'S9']
Passenger 613:
可行路径 ['S5', '2', 'S7']
Passenger 614:
可行路径 ['S2', '2', 'S5', '4', 'S9']
可行路径 ['S2', '1', 'S3', '4', 'S9']
Passenger 615:
可行路径 ['S2', '2', 'S7']
可行路径 ['S2', '1', 'S3', '4', 'S5', '2', 'S7']
Passenger 616:
可行路径 ['S5', '2', 'S4']
Passenger 617:
可行路径 ['S3', '4', 'S5', '2', 'S4']
Passenger 618:
可行路径 ['S4', '2', 'S7']
Passenger 619:
可行路径 ['S2', '1', 'S6', '3', 'S10']
可行路径 ['S2', '2', 'S5', '3', 'S10']
Passenger 620:
可行路径 ['S3', '4', 'S5', '2', 'S7', '3', 'S8']
Passenger 621:
可行路径 ['S7', '3', 'S5', '4', 'S10']
可行路径 ['S7', '3', 'S10']
Passenger 622:
可行路径 ['S7', '5', 'S6']
可行路径 ['S7', '3', 'S6']
Passenger 623:
可行路径 ['S3', '4', 'S5', '2', 'S7']
Passenger 624:
可行路径 ['S3', '4', 'S5', '2', 'S4']
Passenger 625:
可行路径 ['S2', '2', 'S7', '3', 'S8']
Passenger 626:
可行路径 ['S6', '5', 'S3', '4', 'S5', '2', 'S7']
Passenger 627:
可行路径 ['S7', '3', 'S5', '4', 'S9']
可行路径 ['S7', '5', 'S5', '4', 'S9']
Passenger 628:
可行路径 ['S1', '1', 'S2', '2', 'S4']
可行路径 ['S1', '1', 'S3', '4', 'S5', '2', 'S4']
Passenger 629:
可行路径 ['S2', '2', 'S5']
可行路径 ['S2', '1', 'S3', '4', 'S5']
Passenger 630:
可行路径 ['S2', '2', 'S5']
可行路径 ['S2', '1', 'S3', '4', 'S5']
Passenger 631:
可行路径 ['S7', '3', 'S5', '4', 'S9']
可行路径 ['S7', '5', 'S5', '4', 'S9']
Passenger 632:
可行路径 ['S8', '3', 'S5']
可行路径 ['S8', '5', 'S5']
Passenger 633:
可行路径 ['S5', '4', 'S9']
Passenger 634:
可行路径 ['S1', '1', 'S2', '2', 'S5']
可行路径 ['S1', '1', 'S3', '4', 'S5']
Passenger 635:
可行路径 ['S4', '2', 'S7', '3', 'S8']
Passenger 636:
可行路径 ['S1', '1', 'S6', '3', 'S10']
可行路径 ['S1', '1', 'S2', '2', 'S5', '3', 'S10']
Passenger 637:
可行路径 ['S2', '1', 'S3']
可行路径 ['S2', '2', 'S5', '5', 'S3']
Passenger 638:
可行路径 ['S1', '1', 'S2', '2', 'S7', '3', 'S8']
Passenger 639:
可行路径 ['S1', '1', 'S2', '2', 'S5', '4', 'S9']
可行路径 ['S1', '1', 'S3', '4', 'S9']
Passenger 640:
可行路径 ['S5', '2', 'S7']
Passenger 641:
可行路径 ['S1', '1', 'S2', '2', 'S7']
可行路径 ['S1', '1', 'S3', '4', 'S5', '2', 'S7']
Passenger 642:
可行路径 ['S8', '5', 'S7']
可行路径 ['S8', '3', 'S5', '2', 'S7']
Passenger 643:
可行路径 ['S8', '3', 'S5', '5', 'S3']
可行路径 ['S8', '3', 'S6', '5', 'S3']
可行路径 ['S8', '5', 'S3']
Passenger 644:
可行路径 ['S5', '4', 'S9']
Passenger 645:
可行路径 ['S3', '4', 'S5', '2', 'S7', '3', 'S8']
Passenger 646:
可行路径 ['S6', '5', 'S3', '4', 'S5', '2', 'S4']
Passenger 647:
可行路径 ['S3', '4', 'S5']
Passenger 648:
可行路径 ['S2', '2', 'S4']
可行路径 ['S2', '1', 'S3', '4', 'S5', '2', 'S4']
Passenger 649:
可行路径 ['S1', '1', 'S2', '2', 'S4']
可行路径 ['S1', '1', 'S3', '4', 'S5', '2', 'S4']
Passenger 650:
可行路径 ['S1', '1', 'S2', '2', 'S5', '4', 'S9']
可行路径 ['S1', '1', 'S3', '4', 'S9']
Passenger 651:
可行路径 ['S2', '2', 'S5', '4', 'S9']
可行路径 ['S2', '1', 'S3', '4', 'S9']
Passenger 652:
可行路径 ['S7', '5', 'S4']
可行路径 ['S7', '3', 'S5', '2', 'S4']
Passenger 653:
可行路径 ['S4', '2', 'S7']
Passenger 654:
可行路径 ['S7', '3', 'S5', '4', 'S10']
可行路径 ['S7', '3', 'S10']
Passenger 655:
可行路径 ['S7', '3', 'S5', '5', 'S3']
可行路径 ['S7', '5', 'S3']
可行路径 ['S7', '3', 'S6', '5', 'S3']
Passenger 656:
可行路径 ['S3', '4', 'S5', '2', 'S7']
Passenger 657:
可行路径 ['S5', '4', 'S9']
Passenger 658:
可行路径 ['S6', '5', 'S3', '4', 'S5', '2', 'S7']
Passenger 659:
可行路径 ['S4', '5', 'S5']
可行路径 ['S4', '2', 'S7', '3', 'S5']
Passenger 660:
可行路径 ['S5', '5', 'S6']
可行路径 ['S5', '3', 'S6']
Passenger 661:
可行路径 ['S4', '2', 'S7']
Passenger 662:
可行路径 ['S5', '2', 'S4']
Passenger 663:
可行路径 ['S8', '3', 'S5', '5', 'S3']
可行路径 ['S8', '3', 'S6', '5', 'S3']
可行路径 ['S8', '5', 'S3']
Passenger 664:
可行路径 ['S1', '1', 'S2', '2', 'S5', '4', 'S9']
可行路径 ['S1', '1', 'S3', '4', 'S9']
Passenger 665:
可行路径 ['S5', '4', 'S10']
可行路径 ['S5', '3', 'S10']
Passenger 666:
可行路径 ['S3', '4', 'S5']
Passenger 667:
可行路径 ['S1', '1', 'S2', '2', 'S7']
可行路径 ['S1', '1', 'S3', '4', 'S5', '2', 'S7']
Passenger 668:
可行路径 ['S7', '5', 'S4']
可行路径 ['S7', '3', 'S5', '2', 'S4']
Passenger 669:
可行路径 ['S2', '2', 'S5', '4', 'S9']
可行路径 ['S2', '1', 'S3', '4', 'S9']
Passenger 670:
可行路径 ['S1', '1', 'S3']
可行路径 ['S1', '1', 'S2', '2', 'S5', '5', 'S3']
Passenger 671:
可行路径 ['S4', '5', 'S3']
可行路径 ['S4', '2', 'S7', '3', 'S5', '5', 'S3']
可行路径 ['S4', '2', 'S7', '3', 'S6', '5', 'S3']
Passenger 672:
可行路径 ['S3', '1', 'S6', '3', 'S10']
可行路径 ['S3', '4', 'S5', '3', 'S10']
Passenger 673:
可行路径 ['S4', '5', 'S5', '4', 'S9']
可行路径 ['S4', '2', 'S7', '3', 'S5', '4', 'S9']
Passenger 674:
可行路径 ['S2', '2', 'S7']
可行路径 ['S2', '1', 'S3', '4', 'S5', '2', 'S7']
Passenger 675:
可行路径 ['S5', '2', 'S7', '3', 'S8']
Passenger 676:
可行路径 ['S1', '1', 'S2', '2', 'S5']
可行路径 ['S1', '1', 'S3', '4', 'S5']
Passenger 677:
可行路径 ['S8', '5', 'S4']
可行路径 ['S8', '3', 'S5', '2', 'S4']
Passenger 678:
可行路径 ['S4', '2', 'S7', '3', 'S8']
Passenger 679:
可行路径 ['S2', '2', 'S7', '3', 'S8']
Passenger 680:
可行路径 ['S1', '1', 'S2', '2', 'S5']
可行路径 ['S1', '1', 'S3', '4', 'S5']
Passenger 681:
可行路径 ['S1', '1', 'S2', '2', 'S7', '3', 'S8']
Passenger 682:
可行路径 ['S1', '1', 'S2']
Passenger 683:
可行路径 ['S1', '1', 'S2', '2', 'S5']
可行路径 ['S1', '1', 'S3', '4', 'S5']
Passenger 684:
可行路径 ['S5', '2', 'S7', '3', 'S8']
Passenger 685:
可行路径 ['S6', '3', 'S10']
可行路径 ['S6', '5', 'S3', '4', 'S10']
Passenger 686:
可行路径 ['S6', '5', 'S3', '4', 'S5']
Passenger 687:
可行路径 ['S7', '5', 'S4']
可行路径 ['S7', '3', 'S5', '2', 'S4']
Passenger 688:
可行路径 ['S3', '4', 'S5', '2', 'S4']
Passenger 689:
可行路径 ['S4', '5', 'S5']
可行路径 ['S4', '2', 'S7', '3', 'S5']
Passenger 690:
可行路径 ['S7', '3', 'S5', '5', 'S3']
可行路径 ['S7', '5', 'S3']
可行路径 ['S7', '3', 'S6', '5', 'S3']
Passenger 691:
可行路径 ['S2', '2', 'S7']
可行路径 ['S2', '1', 'S3', '4', 'S5', '2', 'S7']
Passenger 692:
可行路径 ['S1', '1', 'S2', '2', 'S5', '4', 'S9']
可行路径 ['S1', '1', 'S3', '4', 'S9']
Passenger 693:
可行路径 ['S6', '5', 'S3', '4', 'S5']
Passenger 694:
可行路径 ['S5', '2', 'S7']
Passenger 695:
可行路径 ['S4', '5', 'S6', '3', 'S10']
可行路径 ['S4', '5', 'S5', '4', 'S10']
可行路径 ['S4', '5', 'S5', '3', 'S10']
Passenger 696:
可行路径 ['S5', '2', 'S7']
Passenger 697:
可行路径 ['S8', '5', 'S7']
可行路径 ['S8', '3', 'S5', '2', 'S7']
Passenger 698:
可行路径 ['S3', '4', 'S9']
Passenger 699:
可行路径 ['S5', '4', 'S9']
Passenger 700:
可行路径 ['S8', '5', 'S7']
可行路径 ['S8', '3', 'S5', '2', 'S7']
Passenger 701:
可行路径 ['S6', '3', 'S10']
可行路径 ['S6', '5', 'S3', '4', 'S10']
Passenger 702:
可行路径 ['S6', '5', 'S3']
Passenger 703:
可行路径 ['S8', '3', 'S5', '5', 'S3']
可行路径 ['S8', '3', 'S6', '5', 'S3']
可行路径 ['S8', '5', 'S3']
Passenger 704:
可行路径 ['S4', '2', 'S7', '3', 'S8']
Passenger 705:
可行路径 ['S4', '5', 'S3']
可行路径 ['S4', '2', 'S7', '3', 'S5', '5', 'S3']
可行路径 ['S4', '2', 'S7', '3', 'S6', '5', 'S3']
Passenger 706:
可行路径 ['S1', '1', 'S2', '2', 'S5']
可行路径 ['S1', '1', 'S3', '4', 'S5']
Passenger 707:
可行路径 ['S3', '4', 'S5', '2', 'S7', '3', 'S8']
Passenger 708:
可行路径 ['S2', '1', 'S3']
可行路径 ['S2', '2', 'S5', '5', 'S3']
Passenger 709:
可行路径 ['S2', '1', 'S6', '3', 'S10']
可行路径 ['S2', '2', 'S5', '3', 'S10']
Passenger 710:
可行路径 ['S7', '3', 'S8']
Passenger 711:
可行路径 ['S8', '3', 'S5', '4', 'S9']
可行路径 ['S8', '5', 'S5', '4', 'S9']
Passenger 712:
可行路径 ['S2', '2', 'S5', '4', 'S9']
可行路径 ['S2', '1', 'S3', '4', 'S9']
Passenger 713:
可行路径 ['S8', '5', 'S4']
可行路径 ['S8', '3', 'S5', '2', 'S4']
Passenger 714:
可行路径 ['S3', '4', 'S9']
Passenger 715:
可行路径 ['S7', '3', 'S5', '5', 'S3']
可行路径 ['S7', '5', 'S3']
可行路径 ['S7', '3', 'S6', '5', 'S3']
Passenger 716:
可行路径 ['S4', '5', 'S5', '4', 'S9']
可行路径 ['S4', '2', 'S7', '3', 'S5', '4', 'S9']
Passenger 717:
可行路径 ['S4', '2', 'S7']
Passenger 718:
可行路径 ['S4', '2', 'S7']
Passenger 720:
可行路径 ['S6', '5', 'S3', '4', 'S5', '2', 'S4']
Passenger 719:
可行路径 ['S2', '2', 'S4']
可行路径 ['S2', '1', 'S3', '4', 'S5', '2', 'S4']
Passenger 721:
可行路径 ['S8', '3', 'S5', '4', 'S10']
可行路径 ['S8', '3', 'S10']
Passenger 722:
可行路径 ['S3', '4', 'S5', '2', 'S7']
Passenger 723:
可行路径 ['S1', '1', 'S2', '2', 'S7']
可行路径 ['S1', '1', 'S3', '4', 'S5', '2', 'S7']
Passenger 724:
可行路径 ['S7', '3', 'S5', '4', 'S10']
可行路径 ['S7', '3', 'S10']
Passenger 725:
可行路径 ['S5', '5', 'S6']
可行路径 ['S5', '3', 'S6']
Passenger 726:
可行路径 ['S1', '1', 'S2']
Passenger 727:
可行路径 ['S3', '4', 'S5', '2', 'S7']
Passenger 728:
可行路径 ['S7', '3', 'S5', '4', 'S10']
可行路径 ['S7', '3', 'S10']
Passenger 729:
可行路径 ['S5', '2', 'S7']
Passenger 730:
可行路径 ['S2', '2', 'S7']
可行路径 ['S2', '1', 'S3', '4', 'S5', '2', 'S7']
Passenger 731:
可行路径 ['S2', '1', 'S3']
可行路径 ['S2', '2', 'S5', '5', 'S3']
Passenger 732:
可行路径 ['S3', '1', 'S6', '3', 'S10']
可行路径 ['S3', '4', 'S5', '3', 'S10']
Passenger 733:
可行路径 ['S5', '2', 'S7']
Passenger 734:
可行路径 ['S8', '3', 'S5', '4', 'S10']
可行路径 ['S8', '3', 'S10']
Passenger 735:
可行路径 ['S5', '2', 'S7', '3', 'S8']
Passenger 736:
可行路径 ['S6', '5', 'S3', '4', 'S5', '2', 'S7']
Passenger 737:
可行路径 ['S7', '3', 'S8']
Passenger 738:
可行路径 ['S4', '5', 'S3']
可行路径 ['S4', '2', 'S7', '3', 'S5', '5', 'S3']
可行路径 ['S4', '2', 'S7', '3', 'S6', '5', 'S3']
Passenger 739:
可行路径 ['S4', '5', 'S6']
可行路径 ['S4', '2', 'S7', '3', 'S6']
Passenger 740:
可行路径 ['S1', '1', 'S2', '2', 'S7', '3', 'S8']
Passenger 741:
可行路径 ['S3', '4', 'S5', '2', 'S7', '3', 'S8']
Passenger 742:
可行路径 ['S5', '4', 'S9']
Passenger 743:
可行路径 ['S8', '3', 'S5', '4', 'S9']
可行路径 ['S8', '5', 'S5', '4', 'S9']
Passenger 744:
可行路径 ['S4', '5', 'S6', '3', 'S10']
可行路径 ['S4', '5', 'S5', '4', 'S10']
可行路径 ['S4', '5', 'S5', '3', 'S10']
Passenger 745:
可行路径 ['S1', '1', 'S6', '3', 'S10']
可行路径 ['S1', '1', 'S2', '2', 'S5', '3', 'S10']
Passenger 746:
可行路径 ['S4', '5', 'S5', '4', 'S9']
可行路径 ['S4', '2', 'S7', '3', 'S5', '4', 'S9']
Passenger 747:
可行路径 ['S5', '2', 'S7', '3', 'S8']
Passenger 748:
可行路径 ['S4', '5', 'S6']
可行路径 ['S4', '2', 'S7', '3', 'S6']
Passenger 749:
可行路径 ['S4', '5', 'S5', '4', 'S9']
可行路径 ['S4', '2', 'S7', '3', 'S5', '4', 'S9']
Passenger 750:
可行路径 ['S4', '5', 'S3']
可行路径 ['S4', '2', 'S7', '3', 'S5', '5', 'S3']
可行路径 ['S4', '2', 'S7', '3', 'S6', '5', 'S3']
Passenger 751:
可行路径 ['S1', '1', 'S2', '2', 'S5', '5', 'S6']
可行路径 ['S1', '1', 'S6']
可行路径 ['S1', '1', 'S2', '2', 'S5', '3', 'S6']
Passenger 752:
可行路径 ['S6', '5', 'S3']
Passenger 753:
可行路径 ['S3', '4', 'S9']
Passenger 754:
可行路径 ['S4', '5', 'S5']
可行路径 ['S4', '2', 'S7', '3', 'S5']
Passenger 755:
可行路径 ['S4', '5', 'S3']
可行路径 ['S4', '2', 'S7', '3', 'S5', '5', 'S3']
可行路径 ['S4', '2', 'S7', '3', 'S6', '5', 'S3']
Passenger 756:
可行路径 ['S6', '5', 'S3', '4', 'S9']
Passenger 757:
可行路径 ['S4', '5', 'S6']
可行路径 ['S4', '2', 'S7', '3', 'S6']
Passenger 759:
可行路径 ['S5', '2', 'S7']
Passenger 758:
可行路径 ['S6', '5', 'S3', '4', 'S5']
Passenger 760:
可行路径 ['S8', '3', 'S6']
可行路径 ['S8', '5', 'S6']
Passenger 761:
可行路径 ['S7', '3', 'S5', '5', 'S3']
可行路径 ['S7', '5', 'S3']
可行路径 ['S7', '3', 'S6', '5', 'S3']
Passenger 762:
可行路径 ['S2', '2', 'S5']
可行路径 ['S2', '1', 'S3', '4', 'S5']
Passenger 763:
可行路径 ['S1', '1', 'S2', '2', 'S7']
可行路径 ['S1', '1', 'S3', '4', 'S5', '2', 'S7']
Passenger 764:
可行路径 ['S8', '3', 'S5', '5', 'S3']
可行路径 ['S8', '3', 'S6', '5', 'S3']
可行路径 ['S8', '5', 'S3']
Passenger 765:
可行路径 ['S4', '2', 'S7', '3', 'S8']
Passenger 766:
可行路径 ['S5', '5', 'S6']
可行路径 ['S5', '3', 'S6']
Passenger 767:
可行路径 ['S8', '3', 'S6']
可行路径 ['S8', '5', 'S6']
Passenger 768:
可行路径 ['S4', '5', 'S5', '4', 'S9']
可行路径 ['S4', '2', 'S7', '3', 'S5', '4', 'S9']
Passenger 769:
可行路径 ['S2', '2', 'S4']
可行路径 ['S2', '1', 'S3', '4', 'S5', '2', 'S4']
Passenger 771:
可行路径 ['S2', '1', 'S3']
可行路径 ['S2', '2', 'S5', '5', 'S3']
Passenger 770:
可行路径 ['S7', '3', 'S5']
可行路径 ['S7', '5', 'S5']
Passenger 772:
可行路径 ['S4', '2', 'S7', '3', 'S8']
Passenger 773:
可行路径 ['S1', '1', 'S3']
可行路径 ['S1', '1', 'S2', '2', 'S5', '5', 'S3']
Passenger 774:
可行路径 ['S1', '1', 'S3']
可行路径 ['S1', '1', 'S2', '2', 'S5', '5', 'S3']
Passenger 775:
可行路径 ['S1', '1', 'S2', '2', 'S4']
可行路径 ['S1', '1', 'S3', '4', 'S5', '2', 'S4']
Passenger 776:
可行路径 ['S1', '1', 'S2', '2', 'S5', '4', 'S9']
可行路径 ['S1', '1', 'S3', '4', 'S9']
Passenger 777:
可行路径 ['S6', '5', 'S3', '4', 'S5', '2', 'S7']
Passenger 778:
可行路径 ['S5', '2', 'S7']
Passenger 779:
可行路径 ['S2', '2', 'S4']
可行路径 ['S2', '1', 'S3', '4', 'S5', '2', 'S4']
Passenger 780:
可行路径 ['S1', '1', 'S2', '2', 'S5']
可行路径 ['S1', '1', 'S3', '4', 'S5']
Passenger 781:
可行路径 ['S9', '4', 'S10']
Passenger 782:
可行路径 ['S3', '4', 'S5', '2', 'S7']
Passenger 783:
可行路径 ['S4', '5', 'S5', '4', 'S9']
可行路径 ['S4', '2', 'S7', '3', 'S5', '4', 'S9']
Passenger 784:
可行路径 ['S7', '5', 'S4']
可行路径 ['S7', '3', 'S5', '2', 'S4']
Passenger 785:
可行路径 ['S5', '2', 'S7', '3', 'S8']
Passenger 786:
可行路径 ['S4', '5', 'S5', '4', 'S9']
可行路径 ['S4', '2', 'S7', '3', 'S5', '4', 'S9']
Passenger 787:
可行路径 ['S8', '5', 'S7']
可行路径 ['S8', '3', 'S5', '2', 'S7']
Passenger 788:
可行路径 ['S3', '1', 'S6', '3', 'S10']
可行路径 ['S3', '4', 'S5', '3', 'S10']
Passenger 789:
可行路径 ['S1', '1', 'S2', '2', 'S5', '5', 'S6']
可行路径 ['S1', '1', 'S6']
可行路径 ['S1', '1', 'S2', '2', 'S5', '3', 'S6']
Passenger 790:
可行路径 ['S4', '2', 'S7']
Passenger 791:
可行路径 ['S2', '2', 'S5', '4', 'S9']
可行路径 ['S2', '1', 'S3', '4', 'S9']
Passenger 792:
可行路径 ['S1', '1', 'S2', '2', 'S5', '5', 'S6']
可行路径 ['S1', '1', 'S6']
可行路径 ['S1', '1', 'S2', '2', 'S5', '3', 'S6']
Passenger 793:
可行路径 ['S8', '5', 'S7']
可行路径 ['S8', '3', 'S5', '2', 'S7']
Passenger 794:
可行路径 ['S4', '5', 'S5']
可行路径 ['S4', '2', 'S7', '3', 'S5']
Passenger 795:
可行路径 ['S1', '1', 'S2', '2', 'S7']
可行路径 ['S1', '1', 'S3', '4', 'S5', '2', 'S7']
Passenger 796:
可行路径 ['S6', '3', 'S10']
可行路径 ['S6', '5', 'S3', '4', 'S10']
Passenger 797:
可行路径 ['S5', '5', 'S3']
Passenger 798:
可行路径 ['S6', '5', 'S3']
Passenger 799:
可行路径 ['S1', '1', 'S3']
可行路径 ['S1', '1', 'S2', '2', 'S5', '5', 'S3']
Passenger 800:
可行路径 ['S7', '5', 'S6']
可行路径 ['S7', '3', 'S6']
Passenger 801:
可行路径 ['S2', '1', 'S6', '3', 'S10']
可行路径 ['S2', '2', 'S5', '3', 'S10']
Passenger 802:
可行路径 ['S8', '3', 'S5']
可行路径 ['S8', '5', 'S5']
Passenger 803:
可行路径 ['S2', '2', 'S5', '5', 'S6']
可行路径 ['S2', '1', 'S6']
可行路径 ['S2', '2', 'S5', '3', 'S6']
Passenger 804:
可行路径 ['S1', '1', 'S2', '2', 'S7', '3', 'S8']
Passenger 805:
可行路径 ['S1', '1', 'S2', '2', 'S5', '4', 'S9']
可行路径 ['S1', '1', 'S3', '4', 'S9']
Passenger 806:
可行路径 ['S2', '1', 'S3']
可行路径 ['S2', '2', 'S5', '5', 'S3']
Passenger 807:
可行路径 ['S7', '5', 'S6']
可行路径 ['S7', '3', 'S6']
Passenger 808:
可行路径 ['S4', '5', 'S6']
可行路径 ['S4', '2', 'S7', '3', 'S6']
Passenger 809:
可行路径 ['S1', '1', 'S2', '2', 'S7', '3', 'S8']
Passenger 810:
可行路径 ['S2', '2', 'S5']
可行路径 ['S2', '1', 'S3', '4', 'S5']
Passenger 811:
可行路径 ['S2', '2', 'S5', '5', 'S6']
可行路径 ['S2', '1', 'S6']
可行路径 ['S2', '2', 'S5', '3', 'S6']
Passenger 812:
可行路径 ['S7', '3', 'S5']
可行路径 ['S7', '5', 'S5']
Passenger 813:
可行路径 ['S7', '3', 'S5', '4', 'S9']
可行路径 ['S7', '5', 'S5', '4', 'S9']
Passenger 814:
可行路径 ['S6', '3', 'S10']
可行路径 ['S6', '5', 'S3', '4', 'S10']
Passenger 815:
可行路径 ['S8', '5', 'S7']
可行路径 ['S8', '3', 'S5', '2', 'S7']
Passenger 816:
可行路径 ['S3', '4', 'S5', '2', 'S4']
Passenger 817:
可行路径 ['S4', '5', 'S5', '4', 'S9']
可行路径 ['S4', '2', 'S7', '3', 'S5', '4', 'S9']
Passenger 818:
可行路径 ['S4', '2', 'S7', '3', 'S8']
Passenger 819:
可行路径 ['S2', '1', 'S3']
可行路径 ['S2', '2', 'S5', '5', 'S3']
Passenger 820:
可行路径 ['S4', '5', 'S5', '4', 'S9']
可行路径 ['S4', '2', 'S7', '3', 'S5', '4', 'S9']
Passenger 821:
可行路径 ['S2', '1', 'S3']
可行路径 ['S2', '2', 'S5', '5', 'S3']
Passenger 822:
可行路径 ['S3', '4', 'S5', '2', 'S7']
Passenger 823:
可行路径 ['S8', '3', 'S5', '4', 'S9']
可行路径 ['S8', '5', 'S5', '4', 'S9']
Passenger 824:
可行路径 ['S4', '5', 'S5', '4', 'S9']
可行路径 ['S4', '2', 'S7', '3', 'S5', '4', 'S9']
Passenger 825:
可行路径 ['S4', '5', 'S5', '4', 'S9']
可行路径 ['S4', '2', 'S7', '3', 'S5', '4', 'S9']
Passenger 826:
可行路径 ['S3', '1', 'S6', '3', 'S10']
可行路径 ['S3', '4', 'S5', '3', 'S10']
Passenger 827:
可行路径 ['S3', '4', 'S5', '2', 'S7']
Passenger 828:
可行路径 ['S1', '1', 'S2', '2', 'S7']
可行路径 ['S1', '1', 'S3', '4', 'S5', '2', 'S7']
Passenger 829:
可行路径 ['S8', '3', 'S5', '4', 'S9']
可行路径 ['S8', '5', 'S5', '4', 'S9']
Passenger 830:
可行路径 ['S3', '4', 'S9']
Passenger 831:
可行路径 ['S1', '1', 'S3']
可行路径 ['S1', '1', 'S2', '2', 'S5', '5', 'S3']
Passenger 832:
可行路径 ['S3', '4', 'S5', '2', 'S7']
Passenger 833:
可行路径 ['S6', '5', 'S3', '4', 'S5', '2', 'S7']
Passenger 834:
可行路径 ['S7', '3', 'S5']
可行路径 ['S7', '5', 'S5']
Passenger 835:
可行路径 ['S8', '3', 'S5', '4', 'S10']
可行路径 ['S8', '3', 'S10']
Passenger 836:
可行路径 ['S1', '1', 'S2']
Passenger 837:
可行路径 ['S1', '1', 'S2', '2', 'S7', '3', 'S8']
Passenger 838:
可行路径 ['S3', '4', 'S5', '2', 'S7', '3', 'S8']
Passenger 839:
可行路径 ['S1', '1', 'S2', '2', 'S4']
可行路径 ['S1', '1', 'S3', '4', 'S5', '2', 'S4']
Passenger 840:
可行路径 ['S3', '4', 'S5', '2', 'S7', '3', 'S8']
Passenger 841:
可行路径 ['S3', '4', 'S5']
Passenger 842:
可行路径 ['S3', '4', 'S5', '2', 'S7', '3', 'S8']
Passenger 843:
可行路径 ['S5', '2', 'S4']
Passenger 844:
可行路径 ['S6', '5', 'S3', '4', 'S5', '2', 'S7']
Passenger 845:
可行路径 ['S4', '2', 'S7', '3', 'S8']
Passenger 846:
可行路径 ['S7', '3', 'S5', '4', 'S9']
可行路径 ['S7', '5', 'S5', '4', 'S9']
Passenger 847:
可行路径 ['S1', '1', 'S2', '2', 'S7', '3', 'S8']
Passenger 848:
可行路径 ['S4', '2', 'S7']
Passenger 849:
可行路径 ['S2', '2', 'S7']
可行路径 ['S2', '1', 'S3', '4', 'S5', '2', 'S7']
Passenger 850:
可行路径 ['S4', '5', 'S3']
可行路径 ['S4', '2', 'S7', '3', 'S5', '5', 'S3']
可行路径 ['S4', '2', 'S7', '3', 'S6', '5', 'S3']
Passenger 851:
可行路径 ['S4', '2', 'S7']
Passenger 852:
可行路径 ['S4', '5', 'S5', '4', 'S9']
可行路径 ['S4', '2', 'S7', '3', 'S5', '4', 'S9']
Passenger 853:
可行路径 ['S1', '1', 'S2', '2', 'S5', '5', 'S6']
可行路径 ['S1', '1', 'S6']
可行路径 ['S1', '1', 'S2', '2', 'S5', '3', 'S6']
Passenger 854:
可行路径 ['S6', '5', 'S3', '4', 'S5']
Passenger 855:
可行路径 ['S1', '1', 'S2']
Passenger 856:
可行路径 ['S7', '5', 'S4']
可行路径 ['S7', '3', 'S5', '2', 'S4']
Passenger 857:
可行路径 ['S2', '1', 'S6', '3', 'S10']
可行路径 ['S2', '2', 'S5', '3', 'S10']
Passenger 858:
可行路径 ['S1', '1', 'S2', '2', 'S5', '4', 'S9']
可行路径 ['S1', '1', 'S3', '4', 'S9']
Passenger 859:
可行路径 ['S8', '5', 'S4']
可行路径 ['S8', '3', 'S5', '2', 'S4']
Passenger 860:
可行路径 ['S2', '2', 'S5', '4', 'S9']
可行路径 ['S2', '1', 'S3', '4', 'S9']
Passenger 861:
可行路径 ['S2', '1', 'S6', '3', 'S10']
可行路径 ['S2', '2', 'S5', '3', 'S10']
Passenger 862:
可行路径 ['S7', '3', 'S5', '4', 'S10']
可行路径 ['S7', '3', 'S10']
Passenger 863:
可行路径 ['S1', '1', 'S2', '2', 'S7', '3', 'S8']
Passenger 864:
可行路径 ['S1', '1', 'S2', '2', 'S5']
可行路径 ['S1', '1', 'S3', '4', 'S5']
Passenger 865:
可行路径 ['S6', '5', 'S3', '4', 'S5', '2', 'S4']
Passenger 866:
可行路径 ['S6', '5', 'S3', '4', 'S5']
Passenger 867:
可行路径 ['S2', '2', 'S7', '3', 'S8']
Passenger 868:
可行路径 ['S2', '2', 'S7']
可行路径 ['S2', '1', 'S3', '4', 'S5', '2', 'S7']
Passenger 869:
可行路径 ['S3', '4', 'S5', '2', 'S4']
Passenger 870:
可行路径 ['S7', '3', 'S5', '4', 'S10']
可行路径 ['S7', '3', 'S10']
Passenger 871:
可行路径 ['S5', '5', 'S3']
Passenger 872:
可行路径 ['S8', '3', 'S5']
可行路径 ['S8', '5', 'S5']
Passenger 873:
可行路径 ['S4', '5', 'S5']
可行路径 ['S4', '2', 'S7', '3', 'S5']
Passenger 874:
可行路径 ['S7', '5', 'S4']
可行路径 ['S7', '3', 'S5', '2', 'S4']
Passenger 875:
可行路径 ['S7', '5', 'S4']
可行路径 ['S7', '3', 'S5', '2', 'S4']
Passenger 876:
可行路径 ['S7', '5', 'S6']
可行路径 ['S7', '3', 'S6']
Passenger 877:
可行路径 ['S5', '4', 'S9']
Passenger 878:
可行路径 ['S4', '5', 'S5', '4', 'S9']
可行路径 ['S4', '2', 'S7', '3', 'S5', '4', 'S9']
Passenger 879:
可行路径 ['S2', '1', 'S3']
可行路径 ['S2', '2', 'S5', '5', 'S3']
Passenger 880:
可行路径 ['S2', '2', 'S4']
可行路径 ['S2', '1', 'S3', '4', 'S5', '2', 'S4']
Passenger 881:
可行路径 ['S4', '5', 'S6', '3', 'S10']
可行路径 ['S4', '5', 'S5', '4', 'S10']
可行路径 ['S4', '5', 'S5', '3', 'S10']
Passenger 882:
可行路径 ['S6', '3', 'S10']
可行路径 ['S6', '5', 'S3', '4', 'S10']
Passenger 883:
可行路径 ['S6', '5', 'S3', '4', 'S5', '2', 'S4']
Passenger 884:
可行路径 ['S8', '5', 'S4']
可行路径 ['S8', '3', 'S5', '2', 'S4']
Passenger 885:
可行路径 ['S4', '5', 'S3']
可行路径 ['S4', '2', 'S7', '3', 'S5', '5', 'S3']
可行路径 ['S4', '2', 'S7', '3', 'S6', '5', 'S3']
Passenger 886:
可行路径 ['S8', '3', 'S5', '5', 'S3']
可行路径 ['S8', '3', 'S6', '5', 'S3']
可行路径 ['S8', '5', 'S3']
Passenger 887:
可行路径 ['S4', '5', 'S6', '3', 'S10']
可行路径 ['S4', '5', 'S5', '4', 'S10']
可行路径 ['S4', '5', 'S5', '3', 'S10']
Passenger 888:
可行路径 ['S5', '2', 'S4']
Passenger 889:
可行路径 ['S2', '1', 'S6', '3', 'S10']
可行路径 ['S2', '2', 'S5', '3', 'S10']
Passenger 890:
可行路径 ['S3', '4', 'S5', '2', 'S4']
Passenger 891:
可行路径 ['S7', '5', 'S4']
可行路径 ['S7', '3', 'S5', '2', 'S4']
Passenger 892:
可行路径 ['S3', '4', 'S5', '2', 'S4']
Passenger 893:
可行路径 ['S5', '2', 'S4']
Passenger 894:
可行路径 ['S3', '4', 'S5']
Passenger 895:
可行路径 ['S1', '1', 'S2', '2', 'S7']
可行路径 ['S1', '1', 'S3', '4', 'S5', '2', 'S7']
Passenger 896:
可行路径 ['S1', '1', 'S2', '2', 'S4']
可行路径 ['S1', '1', 'S3', '4', 'S5', '2', 'S4']
Passenger 897:
可行路径 ['S2', '2', 'S5', '5', 'S6']
可行路径 ['S2', '1', 'S6']
可行路径 ['S2', '2', 'S5', '3', 'S6']
Passenger 898:
可行路径 ['S5', '2', 'S7', '3', 'S8']
Passenger 899:
可行路径 ['S2', '2', 'S7', '3', 'S8']
Passenger 900:
可行路径 ['S3', '4', 'S9']
Passenger 901:
可行路径 ['S1', '1', 'S2', '2', 'S7', '3', 'S8']
Passenger 902:
可行路径 ['S8', '3', 'S5', '4', 'S9']
可行路径 ['S8', '5', 'S5', '4', 'S9']
Passenger 903:
可行路径 ['S8', '3', 'S5', '4', 'S10']
可行路径 ['S8', '3', 'S10']
Passenger 904:
可行路径 ['S6', '5', 'S3', '4', 'S5', '2', 'S4']
Passenger 905:
可行路径 ['S6', '3', 'S10']
可行路径 ['S6', '5', 'S3', '4', 'S10']
Passenger 906:
可行路径 ['S5', '2', 'S4']
Passenger 907:
可行路径 ['S2', '2', 'S7', '3', 'S8']
Passenger 908:
可行路径 ['S8', '3', 'S5']
可行路径 ['S8', '5', 'S5']
Passenger 909:
可行路径 ['S7', '3', 'S5', '4', 'S10']
可行路径 ['S7', '3', 'S10']
Passenger 910:
可行路径 ['S4', '5', 'S3']
可行路径 ['S4', '2', 'S7', '3', 'S5', '5', 'S3']
可行路径 ['S4', '2', 'S7', '3', 'S6', '5', 'S3']
Passenger 911:
可行路径 ['S6', '5', 'S3', '4', 'S9']
Passenger 912:
可行路径 ['S5', '2', 'S7']
Passenger 913:
可行路径 ['S8', '3', 'S6']
可行路径 ['S8', '5', 'S6']
Passenger 914:
可行路径 ['S7', '5', 'S4']
可行路径 ['S7', '3', 'S5', '2', 'S4']
Passenger 915:
可行路径 ['S5', '4', 'S9']
Passenger 916:
可行路径 ['S1', '1', 'S2', '2', 'S7', '3', 'S8']
Passenger 917:
可行路径 ['S1', '1', 'S2', '2', 'S5', '4', 'S9']
可行路径 ['S1', '1', 'S3', '4', 'S9']
Passenger 918:
可行路径 ['S6', '3', 'S10']
可行路径 ['S6', '5', 'S3', '4', 'S10']
Passenger 919:
可行路径 ['S1', '1', 'S2', '2', 'S5', '5', 'S6']
可行路径 ['S1', '1', 'S6']
可行路径 ['S1', '1', 'S2', '2', 'S5', '3', 'S6']
Passenger 920:
可行路径 ['S8', '3', 'S5', '4', 'S10']
可行路径 ['S8', '3', 'S10']
Passenger 921:
可行路径 ['S2', '2', 'S5']
可行路径 ['S2', '1', 'S3', '4', 'S5']
Passenger 922:
可行路径 ['S3', '1', 'S6', '3', 'S10']
可行路径 ['S3', '4', 'S5', '3', 'S10']
Passenger 923:
可行路径 ['S3', '4', 'S5']
Passenger 924:
可行路径 ['S6', '5', 'S3', '4', 'S9']
Passenger 925:
可行路径 ['S3', '4', 'S5', '2', 'S7']
Passenger 926:
可行路径 ['S4', '5', 'S3']
可行路径 ['S4', '2', 'S7', '3', 'S5', '5', 'S3']
可行路径 ['S4', '2', 'S7', '3', 'S6', '5', 'S3']
Passenger 927:
可行路径 ['S5', '5', 'S6']
可行路径 ['S5', '3', 'S6']
Passenger 928:
可行路径 ['S4', '2', 'S7']
Passenger 929:
可行路径 ['S1', '1', 'S2', '2', 'S7', '3', 'S8']
Passenger 930:
可行路径 ['S1', '1', 'S6', '3', 'S10']
可行路径 ['S1', '1', 'S2', '2', 'S5', '3', 'S10']
Passenger 931:
可行路径 ['S2', '2', 'S5', '4', 'S9']
可行路径 ['S2', '1', 'S3', '4', 'S9']
Passenger 932:
可行路径 ['S2', '1', 'S3']
可行路径 ['S2', '2', 'S5', '5', 'S3']
Passenger 933:
可行路径 ['S4', '2', 'S7']
Passenger 934:
可行路径 ['S6', '5', 'S3']
Passenger 935:
可行路径 ['S1', '1', 'S3']
可行路径 ['S1', '1', 'S2', '2', 'S5', '5', 'S3']
Passenger 936:
可行路径 ['S5', '2', 'S4']
Passenger 937:
可行路径 ['S2', '2', 'S5']
可行路径 ['S2', '1', 'S3', '4', 'S5']
Passenger 938:
可行路径 ['S6', '5', 'S3']
Passenger 939:
可行路径 ['S2', '2', 'S7', '3', 'S8']
Passenger 940:
可行路径 ['S5', '5', 'S3']
Passenger 941:
可行路径 ['S5', '5', 'S6']
可行路径 ['S5', '3', 'S6']
Passenger 942:
可行路径 ['S3', '4', 'S5']
Passenger 943:
可行路径 ['S8', '3', 'S5', '5', 'S3']
可行路径 ['S8', '3', 'S6', '5', 'S3']
可行路径 ['S8', '5', 'S3']
Passenger 944:
可行路径 ['S2', '2', 'S5']
可行路径 ['S2', '1', 'S3', '4', 'S5']
Passenger 945:
可行路径 ['S3', '4', 'S5', '2', 'S7']
Passenger 946:
可行路径 ['S4', '5', 'S6', '3', 'S10']
可行路径 ['S4', '5', 'S5', '4', 'S10']
可行路径 ['S4', '5', 'S5', '3', 'S10']
Passenger 947:
可行路径 ['S3', '4', 'S5', '2', 'S7', '3', 'S8']
Passenger 948:
可行路径 ['S2', '1', 'S3']
可行路径 ['S2', '2', 'S5', '5', 'S3']
Passenger 949:
可行路径 ['S2', '1', 'S3']
可行路径 ['S2', '2', 'S5', '5', 'S3']
Passenger 950:
可行路径 ['S2', '2', 'S7', '3', 'S8']
Passenger 951:
可行路径 ['S1', '1', 'S2', '2', 'S7']
可行路径 ['S1', '1', 'S3', '4', 'S5', '2', 'S7']
Passenger 952:
可行路径 ['S1', '1', 'S6', '3', 'S10']
可行路径 ['S1', '1', 'S2', '2', 'S5', '3', 'S10']
Passenger 953:
可行路径 ['S2', '1', 'S3']
可行路径 ['S2', '2', 'S5', '5', 'S3']
Passenger 954:
可行路径 ['S2', '1', 'S3']
可行路径 ['S2', '2', 'S5', '5', 'S3']
Passenger 955:
可行路径 ['S2', '2', 'S7', '3', 'S8']
Passenger 956:
可行路径 ['S6', '3', 'S10']
可行路径 ['S6', '5', 'S3', '4', 'S10']
Passenger 957:
可行路径 ['S4', '5', 'S3']
可行路径 ['S4', '2', 'S7', '3', 'S5', '5', 'S3']
可行路径 ['S4', '2', 'S7', '3', 'S6', '5', 'S3']
Passenger 958:
可行路径 ['S3', '4', 'S5']
Passenger 959:
可行路径 ['S1', '1', 'S2', '2', 'S5']
可行路径 ['S1', '1', 'S3', '4', 'S5']
Passenger 960:
可行路径 ['S6', '5', 'S3', '4', 'S5']
Passenger 961:
可行路径 ['S5', '4', 'S10']
可行路径 ['S5', '3', 'S10']
Passenger 962:
可行路径 ['S1', '1', 'S2', '2', 'S5', '5', 'S6']
可行路径 ['S1', '1', 'S6']
可行路径 ['S1', '1', 'S2', '2', 'S5', '3', 'S6']
Passenger 963:
可行路径 ['S6', '5', 'S3', '4', 'S5', '2', 'S4']
Passenger 964:
可行路径 ['S3', '4', 'S5']
Passenger 965:
可行路径 ['S3', '4', 'S5', '2', 'S7', '3', 'S8']
Passenger 966:
可行路径 ['S4', '5', 'S6', '3', 'S10']
可行路径 ['S4', '5', 'S5', '4', 'S10']
可行路径 ['S4', '5', 'S5', '3', 'S10']
Passenger 967:
可行路径 ['S8', '3', 'S5', '4', 'S10']
可行路径 ['S8', '3', 'S10']
Passenger 968:
可行路径 ['S8', '5', 'S4']
可行路径 ['S8', '3', 'S5', '2', 'S4']
Passenger 969:
可行路径 ['S4', '5', 'S5', '4', 'S9']
可行路径 ['S4', '2', 'S7', '3', 'S5', '4', 'S9']
Passenger 970:
可行路径 ['S2', '2', 'S7', '3', 'S8']
Passenger 971:
可行路径 ['S5', '2', 'S4']
Passenger 972:
可行路径 ['S1', '1', 'S2', '2', 'S7']
可行路径 ['S1', '1', 'S3', '4', 'S5', '2', 'S7']
Passenger 973:
可行路径 ['S5', '5', 'S3']
Passenger 974:
可行路径 ['S1', '1', 'S3']
可行路径 ['S1', '1', 'S2', '2', 'S5', '5', 'S3']
Passenger 975:
可行路径 ['S7', '3', 'S8']
Passenger 976:
可行路径 ['S8', '3', 'S5', '4', 'S10']
可行路径 ['S8', '3', 'S10']
Passenger 977:
可行路径 ['S3', '4', 'S5']
Passenger 978:
可行路径 ['S4', '5', 'S6', '3', 'S10']
可行路径 ['S4', '5', 'S5', '4', 'S10']
可行路径 ['S4', '5', 'S5', '3', 'S10']
Passenger 979:
可行路径 ['S8', '3', 'S6']
可行路径 ['S8', '5', 'S6']
Passenger 980:
可行路径 ['S3', '1', 'S6', '3', 'S10']
可行路径 ['S3', '4', 'S5', '3', 'S10']
Passenger 981:
可行路径 ['S7', '5', 'S4']
可行路径 ['S7', '3', 'S5', '2', 'S4']
Passenger 982:
可行路径 ['S7', '3', 'S5']
可行路径 ['S7', '5', 'S5']
Passenger 983:
可行路径 ['S2', '1', 'S6', '3', 'S10']
可行路径 ['S2', '2', 'S5', '3', 'S10']
Passenger 984:
可行路径 ['S3', '1', 'S6', '3', 'S10']
可行路径 ['S3', '4', 'S5', '3', 'S10']
Passenger 985:
可行路径 ['S6', '5', 'S3', '4', 'S5', '2', 'S7']
Passenger 986:
可行路径 ['S6', '5', 'S3', '4', 'S5', '2', 'S7']
Passenger 987:
可行路径 ['S8', '3', 'S5', '4', 'S10']
可行路径 ['S8', '3', 'S10']
Passenger 988:
可行路径 ['S8', '5', 'S7']
可行路径 ['S8', '3', 'S5', '2', 'S7']
Passenger 989:
可行路径 ['S5', '4', 'S10']
可行路径 ['S5', '3', 'S10']
Passenger 990:
可行路径 ['S3', '1', 'S6', '3', 'S10']
可行路径 ['S3', '4', 'S5', '3', 'S10']
Passenger 991:
可行路径 ['S7', '3', 'S5', '4', 'S9']
可行路径 ['S7', '5', 'S5', '4', 'S9']
Passenger 992:
可行路径 ['S7', '3', 'S5', '4', 'S10']
可行路径 ['S7', '3', 'S10']
Passenger 993:
可行路径 ['S1', '1', 'S2', '2', 'S5']
可行路径 ['S1', '1', 'S3', '4', 'S5']
Passenger 994:
可行路径 ['S4', '2', 'S7']
Passenger 995:
可行路径 ['S8', '5', 'S4']
可行路径 ['S8', '3', 'S5', '2', 'S4']
Passenger 996:
可行路径 ['S3', '4', 'S5', '2', 'S7']
Passenger 997:
可行路径 ['S7', '3', 'S5', '5', 'S3']
可行路径 ['S7', '5', 'S3']
可行路径 ['S7', '3', 'S6', '5', 'S3']
Passenger 998:
可行路径 ['S2', '2', 'S5', '4', 'S9']
可行路径 ['S2', '1', 'S3', '4', 'S9']
Passenger 999:
可行路径 ['S3', '1', 'S6']
可行路径 ['S3', '4', 'S5', '5', 'S6']
可行路径 ['S3', '4', 'S5', '3', 'S6']
----- Bus Update at time 0 -----
Bus 1, ID 0, is at station S1
Bus 2, ID 0, is at station S2
Bus 3, ID 0, is at station S7
Bus 4, ID 0, is at station S3
Bus 5, ID 0, is at station S8
----- Bus Update at time 1 -----
----- Bus Update at time 2 -----
Bus 1, ID 0, is at station S2
Bus 2, ID 0, is at station S5
Bus 3, ID 0, is at station S8
Bus 4, ID 0, is at station S5
Bus 5, ID 0, is at station S7
----- Bus Update at time 3 -----
----- Bus Update at time 4 -----
Bus 2, ID 0, is at station S4
Bus 3, ID 0, is at station S5
Bus 4, ID 0, is at station S9
Bus 5, ID 0, is at station S4
----- Bus Update at time 5 -----
Bus 1, ID 0, is at station S3
----- Bus Update at time 6 -----
----- Bus Update at time 7 -----
Bus 1, ID 0, is at station S6
Bus 4, ID 0, is at station S10
Bus 5, ID 0, is at station S5
----- Bus Update at time 8 -----
Bus 1, ID 1, is at station S1
Bus 2, ID 0, is at station S7
Bus 3, ID 0, is at station S6
Bus 3, ID 1, is at station S7
----- Bus Update at time 9 -----
Bus 4, ID 1, is at station S3
Bus 5, ID 0, is at station S6
----- Bus Update at time 10 -----
Bus 1, ID 1, is at station S2
Bus 2, ID 1, is at station S2
Bus 3, ID 1, is at station S8
Bus 5, ID 1, is at station S8
----- Bus Update at time 11 -----
Bus 3, ID 0, is at station S10
Bus 4, ID 1, is at station S5
----- Bus Update at time 12 -----
Bus 2, ID 1, is at station S5
Bus 3, ID 1, is at station S5
Bus 5, ID 0, is at station S3
Bus 5, ID 1, is at station S7
----- Bus Update at time 13 -----
Bus 1, ID 1, is at station S3
Bus 4, ID 1, is at station S9
----- Bus Update at time 14 -----
Bus 2, ID 1, is at station S4
Bus 5, ID 1, is at station S4
----- Bus Update at time 15 -----
Bus 1, ID 1, is at station S6
----- Bus Update at time 16 -----
Bus 1, ID 2, is at station S1
Bus 3, ID 1, is at station S6
Bus 3, ID 2, is at station S7
Bus 4, ID 1, is at station S10
----- Bus Update at time 17 -----
Bus 5, ID 1, is at station S5
----- Bus Update at time 18 -----
Bus 1, ID 2, is at station S2
Bus 2, ID 1, is at station S7
Bus 3, ID 2, is at station S8
Bus 4, ID 2, is at station S3
----- Bus Update at time 19 -----
Bus 3, ID 1, is at station S10
Bus 5, ID 1, is at station S6
----- Bus Update at time 20 -----
Bus 2, ID 2, is at station S2
Bus 3, ID 2, is at station S5
Bus 4, ID 2, is at station S5
Bus 5, ID 2, is at station S8
----- Bus Update at time 21 -----
Bus 1, ID 2, is at station S3
----- Bus Update at time 22 -----
Bus 2, ID 2, is at station S5
Bus 4, ID 2, is at station S9
Bus 5, ID 1, is at station S3
Bus 5, ID 2, is at station S7
----- Bus Update at time 23 -----
Bus 1, ID 2, is at station S6
----- Bus Update at time 24 -----
Bus 1, ID 3, is at station S1
Bus 2, ID 2, is at station S4
Bus 3, ID 2, is at station S6
Bus 3, ID 3, is at station S7
Bus 5, ID 2, is at station S4
----- Bus Update at time 25 -----
Bus 4, ID 2, is at station S10
----- Bus Update at time 26 -----
Bus 1, ID 3, is at station S2
Bus 3, ID 3, is at station S8
----- Bus Update at time 27 -----
Bus 3, ID 2, is at station S10
Bus 4, ID 3, is at station S3
Bus 5, ID 2, is at station S5
----- Bus Update at time 28 -----
Bus 2, ID 2, is at station S7
Bus 3, ID 3, is at station S5
----- Bus Update at time 29 -----
Bus 1, ID 3, is at station S3
Bus 4, ID 3, is at station S5
Bus 5, ID 2, is at station S6
----- Bus Update at time 30 -----
Bus 2, ID 3, is at station S2
Bus 5, ID 3, is at station S8
----- Bus Update at time 31 -----
Bus 1, ID 3, is at station S6
Bus 4, ID 3, is at station S9
----- Bus Update at time 32 -----
Bus 1, ID 4, is at station S1
Bus 2, ID 3, is at station S5
Bus 3, ID 3, is at station S6
Bus 3, ID 4, is at station S7
Bus 5, ID 2, is at station S3
Bus 5, ID 3, is at station S7
----- Bus Update at time 33 -----
----- Bus Update at time 34 -----
Bus 1, ID 4, is at station S2
Bus 2, ID 3, is at station S4
Bus 3, ID 4, is at station S8
Bus 4, ID 3, is at station S10
Bus 5, ID 3, is at station S4
----- Bus Update at time 35 -----
Bus 3, ID 3, is at station S10
----- Bus Update at time 36 -----
Bus 3, ID 4, is at station S5
Bus 4, ID 4, is at station S3
----- Bus Update at time 37 -----
Bus 1, ID 4, is at station S3
Bus 5, ID 3, is at station S5
----- Bus Update at time 38 -----
Bus 2, ID 3, is at station S7
Bus 4, ID 4, is at station S5
----- Bus Update at time 39 -----
Bus 1, ID 4, is at station S6
Bus 5, ID 3, is at station S6
----- Bus Update at time 40 -----
Bus 1, ID 5, is at station S1
Bus 2, ID 4, is at station S2
Bus 3, ID 4, is at station S6
Bus 3, ID 5, is at station S7
Bus 4, ID 4, is at station S9
Bus 5, ID 4, is at station S8
----- Bus Update at time 41 -----
----- Bus Update at time 42 -----
Bus 1, ID 5, is at station S2
Bus 2, ID 4, is at station S5
Bus 3, ID 5, is at station S8
Bus 5, ID 3, is at station S3
Bus 5, ID 4, is at station S7
----- Bus Update at time 43 -----
Bus 3, ID 4, is at station S10
Bus 4, ID 4, is at station S10
----- Bus Update at time 44 -----
Bus 2, ID 4, is at station S4
Bus 3, ID 5, is at station S5
Bus 5, ID 4, is at station S4
----- Bus Update at time 45 -----
Bus 1, ID 5, is at station S3
Bus 4, ID 5, is at station S3
----- Bus Update at time 46 -----
----- Bus Update at time 47 -----
Bus 1, ID 5, is at station S6
Bus 4, ID 5, is at station S5
Bus 5, ID 4, is at station S5
----- Bus Update at time 48 -----
Bus 1, ID 6, is at station S1
Bus 2, ID 4, is at station S7
Bus 3, ID 5, is at station S6
Bus 3, ID 6, is at station S7
----- Bus Update at time 49 -----
Bus 4, ID 5, is at station S9
Bus 5, ID 4, is at station S6
----- Bus Update at time 50 -----
Bus 1, ID 6, is at station S2
Bus 2, ID 5, is at station S2
Bus 3, ID 6, is at station S8
Bus 5, ID 5, is at station S8
----- Bus Update at time 51 -----
Bus 3, ID 5, is at station S10
----- Bus Update at time 52 -----
Bus 2, ID 5, is at station S5
Bus 3, ID 6, is at station S5
Bus 4, ID 5, is at station S10
Bus 5, ID 4, is at station S3
Bus 5, ID 5, is at station S7
----- Bus Update at time 53 -----
Bus 1, ID 6, is at station S3
----- Bus Update at time 54 -----
Bus 2, ID 5, is at station S4
Bus 4, ID 6, is at station S3
Bus 5, ID 5, is at station S4
----- Bus Update at time 55 -----
Bus 1, ID 6, is at station S6
----- Bus Update at time 56 -----
Bus 1, ID 7, is at station S1
Bus 3, ID 6, is at station S6
Bus 3, ID 7, is at station S7
Bus 4, ID 6, is at station S5
----- Bus Update at time 57 -----
Bus 5, ID 5, is at station S5
----- Bus Update at time 58 -----
Bus 1, ID 7, is at station S2
Bus 2, ID 5, is at station S7
Bus 3, ID 7, is at station S8
Bus 4, ID 6, is at station S9
----- Bus Update at time 59 -----
Bus 3, ID 6, is at station S10
Bus 5, ID 5, is at station S6
----- Bus Update at time 60 -----
Bus 2, ID 6, is at station S2
Bus 3, ID 7, is at station S5
Bus 5, ID 6, is at station S8
